{"C:\\Users\\Luciana Valera\\Documentos\\semestre-actual\\curso-online\\curso-online-backend\\src\\config\\config.js": {"path":"C:\\Users\\Luciana Valera\\Documentos\\semestre-actual\\curso-online\\curso-online-backend\\src\\config\\config.js","statementMap":{"0":{"start":{"line":1,"column":0},"end":{"line":1,"column":27}},"1":{"start":{"line":3,"column":0},"end":{"line":25,"column":2}}},"fnMap":{},"branchMap":{"0":{"loc":{"start":{"line":5,"column":18},"end":{"line":5,"column":51}},"type":"binary-expr","locations":[{"start":{"line":5,"column":18},"end":{"line":5,"column":37}},{"start":{"line":5,"column":41},"end":{"line":5,"column":51}}],"line":5},"1":{"loc":{"start":{"line":6,"column":18},"end":{"line":6,"column":49}},"type":"binary-expr","locations":[{"start":{"line":6,"column":18},"end":{"line":6,"column":41}},{"start":{"line":6,"column":45},"end":{"line":6,"column":49}}],"line":6},"2":{"loc":{"start":{"line":7,"column":18},"end":{"line":7,"column":55}},"type":"binary-expr","locations":[{"start":{"line":7,"column":18},"end":{"line":7,"column":37}},{"start":{"line":7,"column":41},"end":{"line":7,"column":55}}],"line":7},"3":{"loc":{"start":{"line":8,"column":14},"end":{"line":8,"column":48}},"type":"binary-expr","locations":[{"start":{"line":8,"column":14},"end":{"line":8,"column":33}},{"start":{"line":8,"column":37},"end":{"line":8,"column":48}}],"line":8},"4":{"loc":{"start":{"line":9,"column":17},"end":{"line":9,"column":53}},"type":"binary-expr","locations":[{"start":{"line":9,"column":17},"end":{"line":9,"column":39}},{"start":{"line":9,"column":43},"end":{"line":9,"column":53}}],"line":9},"5":{"loc":{"start":{"line":10,"column":14},"end":{"line":10,"column":41}},"type":"binary-expr","locations":[{"start":{"line":10,"column":14},"end":{"line":10,"column":33}},{"start":{"line":10,"column":37},"end":{"line":10,"column":41}}],"line":10},"6":{"loc":{"start":{"line":13,"column":18},"end":{"line":13,"column":51}},"type":"binary-expr","locations":[{"start":{"line":13,"column":18},"end":{"line":13,"column":37}},{"start":{"line":13,"column":41},"end":{"line":13,"column":51}}],"line":13},"7":{"loc":{"start":{"line":14,"column":18},"end":{"line":14,"column":49}},"type":"binary-expr","locations":[{"start":{"line":14,"column":18},"end":{"line":14,"column":41}},{"start":{"line":14,"column":45},"end":{"line":14,"column":49}}],"line":14},"8":{"loc":{"start":{"line":15,"column":18},"end":{"line":15,"column":55}},"type":"binary-expr","locations":[{"start":{"line":15,"column":18},"end":{"line":15,"column":37}},{"start":{"line":15,"column":41},"end":{"line":15,"column":55}}],"line":15},"9":{"loc":{"start":{"line":16,"column":14},"end":{"line":16,"column":48}},"type":"binary-expr","locations":[{"start":{"line":16,"column":14},"end":{"line":16,"column":33}},{"start":{"line":16,"column":37},"end":{"line":16,"column":48}}],"line":16},"10":{"loc":{"start":{"line":17,"column":17},"end":{"line":17,"column":53}},"type":"binary-expr","locations":[{"start":{"line":17,"column":17},"end":{"line":17,"column":39}},{"start":{"line":17,"column":43},"end":{"line":17,"column":53}}],"line":17},"11":{"loc":{"start":{"line":18,"column":14},"end":{"line":18,"column":41}},"type":"binary-expr","locations":[{"start":{"line":18,"column":14},"end":{"line":18,"column":33}},{"start":{"line":18,"column":37},"end":{"line":18,"column":41}}],"line":18}},"s":{"0":7,"1":7},"f":{},"b":{"0":[7,0],"1":[7,0],"2":[7,0],"3":[7,0],"4":[7,0],"5":[7,0],"6":[7,0],"7":[7,0],"8":[7,0],"9":[7,0],"10":[7,0],"11":[7,0]},"_coverageSchema":"1a1c01bbd47fc00a2c39e90264f33305004495a9","hash":"21fc0f4aeec26a6bc275a85c63c8a823f9c46db1"}
,"C:\\Users\\Luciana Valera\\Documentos\\semestre-actual\\curso-online\\curso-online-backend\\src\\constants\\permissions.js": {"path":"C:\\Users\\Luciana Valera\\Documentos\\semestre-actual\\curso-online\\curso-online-backend\\src\\constants\\permissions.js","statementMap":{"0":{"start":{"line":1,"column":0},"end":{"line":70,"column":2}}},"fnMap":{},"branchMap":{},"s":{"0":10},"f":{},"b":{},"_coverageSchema":"1a1c01bbd47fc00a2c39e90264f33305004495a9","hash":"fe6a2cbaef2d9a0664a747a399886813219afe9e"}
,"C:\\Users\\Luciana Valera\\Documentos\\semestre-actual\\curso-online\\curso-online-backend\\src\\constants\\roles.js": {"path":"C:\\Users\\Luciana Valera\\Documentos\\semestre-actual\\curso-online\\curso-online-backend\\src\\constants\\roles.js","statementMap":{"0":{"start":{"line":1,"column":0},"end":{"line":8,"column":2}}},"fnMap":{},"branchMap":{},"s":{"0":3},"f":{},"b":{},"_coverageSchema":"1a1c01bbd47fc00a2c39e90264f33305004495a9","hash":"49dd7f2da5f8cb36836e0c82cab980e7fb47be6b"}
,"C:\\Users\\Luciana Valera\\Documentos\\semestre-actual\\curso-online\\curso-online-backend\\src\\database\\index.js": {"path":"C:\\Users\\Luciana Valera\\Documentos\\semestre-actual\\curso-online\\curso-online-backend\\src\\database\\index.js","statementMap":{"0":{"start":{"line":1,"column":17},"end":{"line":1,"column":47}},"1":{"start":{"line":2,"column":18},"end":{"line":2,"column":38}},"2":{"start":{"line":4,"column":12},"end":{"line":4,"column":49}},"3":{"start":{"line":5,"column":15},"end":{"line":5,"column":28}},"4":{"start":{"line":7,"column":18},"end":{"line":18,"column":1}},"5":{"start":{"line":20,"column":11},"end":{"line":20,"column":13}},"6":{"start":{"line":21,"column":0},"end":{"line":21,"column":25}},"7":{"start":{"line":22,"column":0},"end":{"line":22,"column":25}},"8":{"start":{"line":24,"column":0},"end":{"line":24,"column":83}},"9":{"start":{"line":25,"column":0},"end":{"line":25,"column":72}},"10":{"start":{"line":26,"column":0},"end":{"line":26,"column":89}},"11":{"start":{"line":27,"column":0},"end":{"line":27,"column":77}},"12":{"start":{"line":28,"column":0},"end":{"line":28,"column":96}},"13":{"start":{"line":29,"column":0},"end":{"line":29,"column":77}},"14":{"start":{"line":30,"column":0},"end":{"line":30,"column":74}},"15":{"start":{"line":31,"column":0},"end":{"line":31,"column":87}},"16":{"start":{"line":32,"column":0},"end":{"line":32,"column":83}},"17":{"start":{"line":33,"column":0},"end":{"line":33,"column":96}},"18":{"start":{"line":34,"column":0},"end":{"line":34,"column":92}},"19":{"start":{"line":35,"column":0},"end":{"line":35,"column":86}},"20":{"start":{"line":38,"column":0},"end":{"line":40,"column":3}},"21":{"start":{"line":43,"column":0},"end":{"line":46,"column":3}},"22":{"start":{"line":48,"column":0},"end":{"line":53,"column":3}},"23":{"start":{"line":54,"column":0},"end":{"line":59,"column":3}},"24":{"start":{"line":61,"column":0},"end":{"line":65,"column":3}},"25":{"start":{"line":62,"column":4},"end":{"line":64,"column":5}},"26":{"start":{"line":63,"column":8},"end":{"line":63,"column":36}},"27":{"start":{"line":67,"column":0},"end":{"line":67,"column":20}}},"fnMap":{"0":{"name":"(anonymous_0)","decl":{"start":{"line":61,"column":24},"end":{"line":61,"column":25}},"loc":{"start":{"line":61,"column":37},"end":{"line":65,"column":1}},"line":61}},"branchMap":{"0":{"loc":{"start":{"line":4,"column":12},"end":{"line":4,"column":49}},"type":"binary-expr","locations":[{"start":{"line":4,"column":12},"end":{"line":4,"column":32}},{"start":{"line":4,"column":36},"end":{"line":4,"column":49}}],"line":4},"1":{"loc":{"start":{"line":62,"column":4},"end":{"line":64,"column":5}},"type":"if","locations":[{"start":{"line":62,"column":4},"end":{"line":64,"column":5}},{"start":{},"end":{}}],"line":62}},"s":{"0":7,"1":7,"2":7,"3":7,"4":7,"5":7,"6":7,"7":7,"8":7,"9":7,"10":7,"11":7,"12":7,"13":7,"14":7,"15":7,"16":7,"17":7,"18":7,"19":7,"20":7,"21":7,"22":7,"23":7,"24":7,"25":98,"26":56,"27":7},"f":{"0":98},"b":{"0":[7,0],"1":[56,42]},"_coverageSchema":"1a1c01bbd47fc00a2c39e90264f33305004495a9","hash":"1bc501b9c211269cf3a085e7b4dab21aa644d2f7"}
,"C:\\Users\\Luciana Valera\\Documentos\\semestre-actual\\curso-online\\curso-online-backend\\src\\middlewares\\error.middleware.js": {"path":"C:\\Users\\Luciana Valera\\Documentos\\semestre-actual\\curso-online\\curso-online-backend\\src\\middlewares\\error.middleware.js","statementMap":{"0":{"start":{"line":1,"column":0},"end":{"line":7,"column":2}},"1":{"start":{"line":2,"column":4},"end":{"line":2,"column":23}},"2":{"start":{"line":3,"column":19},"end":{"line":3,"column":36}},"3":{"start":{"line":4,"column":4},"end":{"line":6,"column":7}}},"fnMap":{"0":{"name":"(anonymous_0)","decl":{"start":{"line":1,"column":17},"end":{"line":1,"column":18}},"loc":{"start":{"line":1,"column":42},"end":{"line":7,"column":1}},"line":1}},"branchMap":{"0":{"loc":{"start":{"line":3,"column":19},"end":{"line":3,"column":36}},"type":"binary-expr","locations":[{"start":{"line":3,"column":19},"end":{"line":3,"column":29}},{"start":{"line":3,"column":33},"end":{"line":3,"column":36}}],"line":3},"1":{"loc":{"start":{"line":5,"column":15},"end":{"line":5,"column":58}},"type":"binary-expr","locations":[{"start":{"line":5,"column":15},"end":{"line":5,"column":26}},{"start":{"line":5,"column":30},"end":{"line":5,"column":58}}],"line":5}},"s":{"0":11,"1":76,"2":76,"3":76},"f":{"0":76},"b":{"0":[76,40],"1":[76,0]},"_coverageSchema":"1a1c01bbd47fc00a2c39e90264f33305004495a9","hash":"6086e18cb953e905b482c141ecae423cc8454fa0"}
,"C:\\Users\\Luciana Valera\\Documentos\\semestre-actual\\curso-online\\curso-online-backend\\src\\middlewares\\permission.middleware.js": {"path":"C:\\Users\\Luciana Valera\\Documentos\\semestre-actual\\curso-online\\curso-online-backend\\src\\middlewares\\permission.middleware.js","statementMap":{"0":{"start":{"line":1,"column":27},"end":{"line":1,"column":51}},"1":{"start":{"line":3,"column":0},"end":{"line":13,"column":2}},"2":{"start":{"line":3,"column":35},"end":{"line":13,"column":1}},"3":{"start":{"line":4,"column":4},"end":{"line":6,"column":5}},"4":{"start":{"line":5,"column":8},"end":{"line":5,"column":78}},"5":{"start":{"line":8,"column":4},"end":{"line":10,"column":5}},"6":{"start":{"line":9,"column":8},"end":{"line":9,"column":71}},"7":{"start":{"line":12,"column":4},"end":{"line":12,"column":11}}},"fnMap":{"0":{"name":"(anonymous_0)","decl":{"start":{"line":3,"column":24},"end":{"line":3,"column":25}},"loc":{"start":{"line":3,"column":35},"end":{"line":13,"column":1}},"line":3},"1":{"name":"(anonymous_1)","decl":{"start":{"line":3,"column":35},"end":{"line":3,"column":36}},"loc":{"start":{"line":3,"column":55},"end":{"line":13,"column":1}},"line":3}},"branchMap":{"0":{"loc":{"start":{"line":4,"column":4},"end":{"line":6,"column":5}},"type":"if","locations":[{"start":{"line":4,"column":4},"end":{"line":6,"column":5}},{"start":{},"end":{}}],"line":4},"1":{"loc":{"start":{"line":4,"column":8},"end":{"line":4,"column":54}},"type":"binary-expr","locations":[{"start":{"line":4,"column":8},"end":{"line":4,"column":17}},{"start":{"line":4,"column":21},"end":{"line":4,"column":54}}],"line":4},"2":{"loc":{"start":{"line":8,"column":4},"end":{"line":10,"column":5}},"type":"if","locations":[{"start":{"line":8,"column":4},"end":{"line":10,"column":5}},{"start":{},"end":{}}],"line":8}},"s":{"0":1,"1":1,"2":4,"3":0,"4":0,"5":0,"6":0,"7":0},"f":{"0":4,"1":0},"b":{"0":[0,0],"1":[0,0],"2":[0,0]},"_coverageSchema":"1a1c01bbd47fc00a2c39e90264f33305004495a9","hash":"a918b85db0fa640c10d8b8f530c8f584e2225b5f"}
,"C:\\Users\\Luciana Valera\\Documentos\\semestre-actual\\curso-online\\curso-online-backend\\src\\middlewares\\upload.middleware.js": {"path":"C:\\Users\\Luciana Valera\\Documentos\\semestre-actual\\curso-online\\curso-online-backend\\src\\middlewares\\upload.middleware.js","statementMap":{"0":{"start":{"line":1,"column":15},"end":{"line":1,"column":32}},"1":{"start":{"line":2,"column":13},"end":{"line":2,"column":28}},"2":{"start":{"line":3,"column":11},"end":{"line":3,"column":24}},"3":{"start":{"line":5,"column":28},"end":{"line":24,"column":1}},"4":{"start":{"line":6,"column":22},"end":{"line":6,"column":64}},"5":{"start":{"line":8,"column":4},"end":{"line":10,"column":5}},"6":{"start":{"line":9,"column":8},"end":{"line":9,"column":53}},"7":{"start":{"line":12,"column":20},"end":{"line":21,"column":6}},"8":{"start":{"line":14,"column":12},"end":{"line":14,"column":32}},"9":{"start":{"line":17,"column":24},"end":{"line":17,"column":55}},"10":{"start":{"line":18,"column":27},"end":{"line":18,"column":83}},"11":{"start":{"line":19,"column":12},"end":{"line":19,"column":29}},"12":{"start":{"line":23,"column":4},"end":{"line":23,"column":31}},"13":{"start":{"line":26,"column":0},"end":{"line":26,"column":37}}},"fnMap":{"0":{"name":"(anonymous_0)","decl":{"start":{"line":5,"column":28},"end":{"line":5,"column":29}},"loc":{"start":{"line":5,"column":36},"end":{"line":24,"column":1}},"line":5},"1":{"name":"(anonymous_1)","decl":{"start":{"line":13,"column":21},"end":{"line":13,"column":22}},"loc":{"start":{"line":13,"column":40},"end":{"line":15,"column":9}},"line":13},"2":{"name":"(anonymous_2)","decl":{"start":{"line":16,"column":18},"end":{"line":16,"column":19}},"loc":{"start":{"line":16,"column":37},"end":{"line":20,"column":9}},"line":16}},"branchMap":{"0":{"loc":{"start":{"line":8,"column":4},"end":{"line":10,"column":5}},"type":"if","locations":[{"start":{"line":8,"column":4},"end":{"line":10,"column":5}},{"start":{},"end":{}}],"line":8},"1":{"loc":{"start":{"line":18,"column":38},"end":{"line":18,"column":61}},"type":"binary-expr","locations":[{"start":{"line":18,"column":38},"end":{"line":18,"column":51}},{"start":{"line":18,"column":55},"end":{"line":18,"column":61}}],"line":18}},"s":{"0":1,"1":1,"2":1,"3":1,"4":1,"5":1,"6":0,"7":1,"8":3,"9":3,"10":3,"11":3,"12":1,"13":1},"f":{"0":1,"1":3,"2":3},"b":{"0":[0,1],"1":[3,0]},"_coverageSchema":"1a1c01bbd47fc00a2c39e90264f33305004495a9","hash":"454987876010eb42c66db4699dd2a4b25cd72755"}
,"C:\\Users\\Luciana Valera\\Documentos\\semestre-actual\\curso-online\\curso-online-backend\\src\\middlewares\\validationResult.middleware.js": {"path":"C:\\Users\\Luciana Valera\\Documentos\\semestre-actual\\curso-online\\curso-online-backend\\src\\middlewares\\validationResult.middleware.js","statementMap":{"0":{"start":{"line":1,"column":29},"end":{"line":1,"column":57}},"1":{"start":{"line":3,"column":0},"end":{"line":9,"column":2}},"2":{"start":{"line":4,"column":19},"end":{"line":4,"column":40}},"3":{"start":{"line":5,"column":4},"end":{"line":7,"column":5}},"4":{"start":{"line":6,"column":8},"end":{"line":6,"column":64}},"5":{"start":{"line":8,"column":4},"end":{"line":8,"column":11}}},"fnMap":{"0":{"name":"(anonymous_0)","decl":{"start":{"line":3,"column":17},"end":{"line":3,"column":18}},"loc":{"start":{"line":3,"column":37},"end":{"line":9,"column":1}},"line":3}},"branchMap":{"0":{"loc":{"start":{"line":5,"column":4},"end":{"line":7,"column":5}},"type":"if","locations":[{"start":{"line":5,"column":4},"end":{"line":7,"column":5}},{"start":{},"end":{}}],"line":5}},"s":{"0":9,"1":9,"2":50,"3":50,"4":4,"5":46},"f":{"0":50},"b":{"0":[4,46]},"_coverageSchema":"1a1c01bbd47fc00a2c39e90264f33305004495a9","hash":"ec88c7277891ab2a3939880854be04f7f7806202"}
,"C:\\Users\\Luciana Valera\\Documentos\\semestre-actual\\curso-online\\curso-online-backend\\src\\modules\\auth\\auth.controller.js": {"path":"C:\\Users\\Luciana Valera\\Documentos\\semestre-actual\\curso-online\\curso-online-backend\\src\\modules\\auth\\auth.controller.js","statementMap":{"0":{"start":{"line":1,"column":20},"end":{"line":1,"column":57}},"1":{"start":{"line":2,"column":19},"end":{"line":2,"column":54}},"2":{"start":{"line":4,"column":0},"end":{"line":23,"column":2}},"3":{"start":{"line":5,"column":32},"end":{"line":5,"column":40}},"4":{"start":{"line":7,"column":4},"end":{"line":22,"column":5}},"5":{"start":{"line":8,"column":35},"end":{"line":8,"column":75}},"6":{"start":{"line":9,"column":8},"end":{"line":9,"column":53}},"7":{"start":{"line":10,"column":8},"end":{"line":15,"column":11}},"8":{"start":{"line":17,"column":8},"end":{"line":19,"column":11}},"9":{"start":{"line":21,"column":8},"end":{"line":21,"column":55}},"10":{"start":{"line":25,"column":0},"end":{"line":39,"column":2}},"11":{"start":{"line":26,"column":4},"end":{"line":38,"column":5}},"12":{"start":{"line":27,"column":8},"end":{"line":31,"column":11}},"13":{"start":{"line":33,"column":8},"end":{"line":35,"column":11}},"14":{"start":{"line":37,"column":8},"end":{"line":37,"column":67}},"15":{"start":{"line":41,"column":0},"end":{"line":62,"column":2}},"16":{"start":{"line":42,"column":67},"end":{"line":42,"column":75}},"17":{"start":{"line":44,"column":4},"end":{"line":61,"column":5}},"18":{"start":{"line":45,"column":20},"end":{"line":45,"column":52}},"19":{"start":{"line":46,"column":8},"end":{"line":48,"column":9}},"20":{"start":{"line":47,"column":12},"end":{"line":47,"column":72}},"21":{"start":{"line":50,"column":23},"end":{"line":57,"column":9}},"22":{"start":{"line":58,"column":8},"end":{"line":58,"column":58}},"23":{"start":{"line":60,"column":8},"end":{"line":60,"column":55}}},"fnMap":{"0":{"name":"(anonymous_0)","decl":{"start":{"line":4,"column":16},"end":{"line":4,"column":17}},"loc":{"start":{"line":4,"column":36},"end":{"line":23,"column":1}},"line":4},"1":{"name":"(anonymous_1)","decl":{"start":{"line":25,"column":17},"end":{"line":25,"column":18}},"loc":{"start":{"line":25,"column":37},"end":{"line":39,"column":1}},"line":25},"2":{"name":"(anonymous_2)","decl":{"start":{"line":41,"column":19},"end":{"line":41,"column":20}},"loc":{"start":{"line":41,"column":39},"end":{"line":62,"column":1}},"line":41}},"branchMap":{"0":{"loc":{"start":{"line":46,"column":8},"end":{"line":48,"column":9}},"type":"if","locations":[{"start":{"line":46,"column":8},"end":{"line":48,"column":9}},{"start":{},"end":{}}],"line":46}},"s":{"0":4,"1":4,"2":4,"3":5,"4":5,"5":5,"6":2,"7":2,"8":2,"9":3,"10":4,"11":4,"12":4,"13":2,"14":2,"15":4,"16":7,"17":7,"18":7,"19":6,"20":1,"21":5,"22":2,"23":4},"f":{"0":5,"1":4,"2":7},"b":{"0":[1,5]},"_coverageSchema":"1a1c01bbd47fc00a2c39e90264f33305004495a9","hash":"e1b83049559fd8db4d133fa38ac4d99f580ceaa7"}
,"C:\\Users\\Luciana Valera\\Documentos\\semestre-actual\\curso-online\\curso-online-backend\\src\\modules\\auth\\auth.routes.js": {"path":"C:\\Users\\Luciana Valera\\Documentos\\semestre-actual\\curso-online\\curso-online-backend\\src\\modules\\auth\\auth.routes.js","statementMap":{"0":{"start":{"line":1,"column":0},"end":{"line":11,"column":2}},"1":{"start":{"line":2,"column":17},"end":{"line":2,"column":44}},"2":{"start":{"line":3,"column":24},"end":{"line":3,"column":64}},"3":{"start":{"line":6,"column":4},"end":{"line":6,"column":45}},"4":{"start":{"line":7,"column":4},"end":{"line":7,"column":47}},"5":{"start":{"line":8,"column":4},"end":{"line":8,"column":51}},"6":{"start":{"line":10,"column":4},"end":{"line":10,"column":33}}},"fnMap":{"0":{"name":"(anonymous_0)","decl":{"start":{"line":1,"column":17},"end":{"line":1,"column":18}},"loc":{"start":{"line":1,"column":24},"end":{"line":11,"column":1}},"line":1}},"branchMap":{},"s":{"0":3,"1":3,"2":3,"3":3,"4":3,"5":3,"6":3},"f":{"0":3},"b":{},"_coverageSchema":"1a1c01bbd47fc00a2c39e90264f33305004495a9","hash":"dd189713d4f3fd9d7a6b6af4a7812c6c4125bb0e"}
,"C:\\Users\\Luciana Valera\\Documentos\\semestre-actual\\curso-online\\curso-online-backend\\src\\modules\\auth\\auth.service.js": {"path":"C:\\Users\\Luciana Valera\\Documentos\\semestre-actual\\curso-online\\curso-online-backend\\src\\modules\\auth\\auth.service.js","statementMap":{"0":{"start":{"line":1,"column":11},"end":{"line":1,"column":31}},"1":{"start":{"line":2,"column":15},"end":{"line":2,"column":32}},"2":{"start":{"line":3,"column":12},"end":{"line":3,"column":35}},"3":{"start":{"line":4,"column":43},"end":{"line":4,"column":67}},"4":{"start":{"line":6,"column":14},"end":{"line":51,"column":1}},"5":{"start":{"line":7,"column":20},"end":{"line":23,"column":6}},"6":{"start":{"line":25,"column":4},"end":{"line":27,"column":5}},"7":{"start":{"line":26,"column":8},"end":{"line":26,"column":57}},"8":{"start":{"line":29,"column":28},"end":{"line":29,"column":76}},"9":{"start":{"line":30,"column":4},"end":{"line":32,"column":5}},"10":{"start":{"line":31,"column":8},"end":{"line":31,"column":59}},"11":{"start":{"line":33,"column":21},"end":{"line":33,"column":68}},"12":{"start":{"line":33,"column":59},"end":{"line":33,"column":67}},"13":{"start":{"line":36,"column":20},"end":{"line":44,"column":5}},"14":{"start":{"line":46,"column":18},"end":{"line":46,"column":80}},"15":{"start":{"line":48,"column":4},"end":{"line":50,"column":6}},"16":{"start":{"line":53,"column":17},"end":{"line":72,"column":1}},"17":{"start":{"line":54,"column":25},"end":{"line":54,"column":72}},"18":{"start":{"line":55,"column":4},"end":{"line":57,"column":5}},"19":{"start":{"line":56,"column":8},"end":{"line":56,"column":55}},"20":{"start":{"line":59,"column":27},"end":{"line":59,"column":58}},"21":{"start":{"line":61,"column":20},"end":{"line":68,"column":6}},"22":{"start":{"line":70,"column":4},"end":{"line":70,"column":25}},"23":{"start":{"line":71,"column":4},"end":{"line":71,"column":58}},"24":{"start":{"line":74,"column":0},"end":{"line":77,"column":2}}},"fnMap":{"0":{"name":"(anonymous_0)","decl":{"start":{"line":6,"column":14},"end":{"line":6,"column":15}},"loc":{"start":{"line":6,"column":41},"end":{"line":51,"column":1}},"line":6},"1":{"name":"(anonymous_1)","decl":{"start":{"line":33,"column":54},"end":{"line":33,"column":55}},"loc":{"start":{"line":33,"column":59},"end":{"line":33,"column":67}},"line":33},"2":{"name":"(anonymous_2)","decl":{"start":{"line":53,"column":17},"end":{"line":53,"column":18}},"loc":{"start":{"line":53,"column":79},"end":{"line":72,"column":1}},"line":53}},"branchMap":{"0":{"loc":{"start":{"line":25,"column":4},"end":{"line":27,"column":5}},"type":"if","locations":[{"start":{"line":25,"column":4},"end":{"line":27,"column":5}},{"start":{},"end":{}}],"line":25},"1":{"loc":{"start":{"line":30,"column":4},"end":{"line":32,"column":5}},"type":"if","locations":[{"start":{"line":30,"column":4},"end":{"line":32,"column":5}},{"start":{},"end":{}}],"line":30},"2":{"loc":{"start":{"line":33,"column":22},"end":{"line":33,"column":48}},"type":"binary-expr","locations":[{"start":{"line":33,"column":22},"end":{"line":33,"column":42}},{"start":{"line":33,"column":46},"end":{"line":33,"column":48}}],"line":33},"3":{"loc":{"start":{"line":55,"column":4},"end":{"line":57,"column":5}},"type":"if","locations":[{"start":{"line":55,"column":4},"end":{"line":57,"column":5}},{"start":{},"end":{}}],"line":55}},"s":{"0":4,"1":4,"2":4,"3":4,"4":4,"5":3,"6":2,"7":0,"8":2,"9":2,"10":1,"11":1,"12":1,"13":1,"14":1,"15":1,"16":4,"17":3,"18":3,"19":1,"20":2,"21":1,"22":1,"23":1,"24":4},"f":{"0":3,"1":1,"2":3},"b":{"0":[0,2],"1":[1,1],"2":[1,0],"3":[1,2]},"_coverageSchema":"1a1c01bbd47fc00a2c39e90264f33305004495a9","hash":"0f00a1694c6805ed2426bc04b42f017147c8a99a"}
,"C:\\Users\\Luciana Valera\\Documentos\\semestre-actual\\curso-online\\curso-online-backend\\src\\modules\\categoria\\categoria.controller.js": {"path":"C:\\Users\\Luciana Valera\\Documentos\\semestre-actual\\curso-online\\curso-online-backend\\src\\modules\\categoria\\categoria.controller.js","statementMap":{"0":{"start":{"line":1,"column":25},"end":{"line":1,"column":72}},"1":{"start":{"line":3,"column":0},"end":{"line":11,"column":2}},"2":{"start":{"line":4,"column":4},"end":{"line":10,"column":5}},"3":{"start":{"line":5,"column":40},"end":{"line":5,"column":48}},"4":{"start":{"line":6,"column":31},"end":{"line":6,"column":85}},"5":{"start":{"line":7,"column":8},"end":{"line":7,"column":45}},"6":{"start":{"line":9,"column":8},"end":{"line":9,"column":20}},"7":{"start":{"line":13,"column":0},"end":{"line":20,"column":2}},"8":{"start":{"line":14,"column":4},"end":{"line":19,"column":5}},"9":{"start":{"line":15,"column":27},"end":{"line":15,"column":59}},"10":{"start":{"line":16,"column":8},"end":{"line":16,"column":41}},"11":{"start":{"line":18,"column":8},"end":{"line":18,"column":20}},"12":{"start":{"line":22,"column":0},"end":{"line":29,"column":2}},"13":{"start":{"line":23,"column":4},"end":{"line":28,"column":5}},"14":{"start":{"line":24,"column":26},"end":{"line":24,"column":72}},"15":{"start":{"line":25,"column":8},"end":{"line":25,"column":40}},"16":{"start":{"line":27,"column":8},"end":{"line":27,"column":20}},"17":{"start":{"line":31,"column":0},"end":{"line":39,"column":2}},"18":{"start":{"line":32,"column":4},"end":{"line":38,"column":5}},"19":{"start":{"line":33,"column":40},"end":{"line":33,"column":48}},"20":{"start":{"line":34,"column":26},"end":{"line":34,"column":95}},"21":{"start":{"line":35,"column":8},"end":{"line":35,"column":40}},"22":{"start":{"line":37,"column":8},"end":{"line":37,"column":20}},"23":{"start":{"line":41,"column":0},"end":{"line":48,"column":2}},"24":{"start":{"line":42,"column":4},"end":{"line":47,"column":5}},"25":{"start":{"line":43,"column":23},"end":{"line":43,"column":67}},"26":{"start":{"line":44,"column":8},"end":{"line":44,"column":37}},"27":{"start":{"line":46,"column":8},"end":{"line":46,"column":20}}},"fnMap":{"0":{"name":"(anonymous_0)","decl":{"start":{"line":3,"column":17},"end":{"line":3,"column":18}},"loc":{"start":{"line":3,"column":43},"end":{"line":11,"column":1}},"line":3},"1":{"name":"(anonymous_1)","decl":{"start":{"line":13,"column":18},"end":{"line":13,"column":19}},"loc":{"start":{"line":13,"column":44},"end":{"line":20,"column":1}},"line":13},"2":{"name":"(anonymous_2)","decl":{"start":{"line":22,"column":19},"end":{"line":22,"column":20}},"loc":{"start":{"line":22,"column":45},"end":{"line":29,"column":1}},"line":22},"3":{"name":"(anonymous_3)","decl":{"start":{"line":31,"column":17},"end":{"line":31,"column":18}},"loc":{"start":{"line":31,"column":43},"end":{"line":39,"column":1}},"line":31},"4":{"name":"(anonymous_4)","decl":{"start":{"line":41,"column":17},"end":{"line":41,"column":18}},"loc":{"start":{"line":41,"column":43},"end":{"line":48,"column":1}},"line":41}},"branchMap":{},"s":{"0":1,"1":1,"2":3,"3":3,"4":3,"5":1,"6":2,"7":1,"8":2,"9":2,"10":1,"11":1,"12":1,"13":3,"14":3,"15":1,"16":2,"17":1,"18":4,"19":4,"20":4,"21":1,"22":3,"23":1,"24":3,"25":3,"26":1,"27":2},"f":{"0":3,"1":2,"2":3,"3":4,"4":3},"b":{},"_coverageSchema":"1a1c01bbd47fc00a2c39e90264f33305004495a9","hash":"3e8f6a13d11cf9a3b887c27c955a16b000a99bc3"}
,"C:\\Users\\Luciana Valera\\Documentos\\semestre-actual\\curso-online\\curso-online-backend\\src\\modules\\categoria\\categoria.model.js": {"path":"C:\\Users\\Luciana Valera\\Documentos\\semestre-actual\\curso-online\\curso-online-backend\\src\\modules\\categoria\\categoria.model.js","statementMap":{"0":{"start":{"line":1,"column":0},"end":{"line":20,"column":2}},"1":{"start":{"line":2,"column":22},"end":{"line":18,"column":5}},"2":{"start":{"line":19,"column":4},"end":{"line":19,"column":21}}},"fnMap":{"0":{"name":"(anonymous_0)","decl":{"start":{"line":1,"column":17},"end":{"line":1,"column":18}},"loc":{"start":{"line":1,"column":43},"end":{"line":20,"column":1}},"line":1}},"branchMap":{},"s":{"0":7,"1":7,"2":7},"f":{"0":7},"b":{},"_coverageSchema":"1a1c01bbd47fc00a2c39e90264f33305004495a9","hash":"cbbcc1eb02b878e51cfba78e431dd50845ee5fff"}
,"C:\\Users\\Luciana Valera\\Documentos\\semestre-actual\\curso-online\\curso-online-backend\\src\\modules\\categoria\\categoria.routes.js": {"path":"C:\\Users\\Luciana Valera\\Documentos\\semestre-actual\\curso-online\\curso-online-backend\\src\\modules\\categoria\\categoria.routes.js","statementMap":{"0":{"start":{"line":1,"column":0},"end":{"line":40,"column":2}},"1":{"start":{"line":2,"column":19},"end":{"line":2,"column":46}},"2":{"start":{"line":3,"column":24},"end":{"line":3,"column":74}},"3":{"start":{"line":4,"column":17},"end":{"line":4,"column":56}},"4":{"start":{"line":5,"column":24},"end":{"line":5,"column":57}},"5":{"start":{"line":6,"column":23},"end":{"line":6,"column":68}},"6":{"start":{"line":7,"column":32},"end":{"line":7,"column":76}},"7":{"start":{"line":8,"column":21},"end":{"line":8,"column":72}},"8":{"start":{"line":10,"column":4},"end":{"line":17,"column":6}},"9":{"start":{"line":19,"column":4},"end":{"line":19,"column":41}},"10":{"start":{"line":21,"column":4},"end":{"line":21,"column":45}},"11":{"start":{"line":23,"column":4},"end":{"line":30,"column":6}},"12":{"start":{"line":32,"column":4},"end":{"line":37,"column":6}},"13":{"start":{"line":39,"column":4},"end":{"line":39,"column":39}}},"fnMap":{"0":{"name":"(anonymous_0)","decl":{"start":{"line":1,"column":17},"end":{"line":1,"column":18}},"loc":{"start":{"line":1,"column":24},"end":{"line":40,"column":1}},"line":1}},"branchMap":{},"s":{"0":1,"1":1,"2":1,"3":1,"4":1,"5":1,"6":1,"7":1,"8":1,"9":1,"10":1,"11":1,"12":1,"13":1},"f":{"0":1},"b":{},"_coverageSchema":"1a1c01bbd47fc00a2c39e90264f33305004495a9","hash":"5aa18bffe980cb9c72a4d3737027cc615b0d3bc3"}
,"C:\\Users\\Luciana Valera\\Documentos\\semestre-actual\\curso-online\\curso-online-backend\\src\\modules\\certificado\\certificado.controller.js": {"path":"C:\\Users\\Luciana Valera\\Documentos\\semestre-actual\\curso-online\\curso-online-backend\\src\\modules\\certificado\\certificado.controller.js","statementMap":{"0":{"start":{"line":1,"column":27},"end":{"line":1,"column":59}},"1":{"start":{"line":3,"column":0},"end":{"line":15,"column":2}},"2":{"start":{"line":4,"column":4},"end":{"line":14,"column":5}},"3":{"start":{"line":5,"column":26},"end":{"line":5,"column":37}},"4":{"start":{"line":6,"column":24},"end":{"line":6,"column":42}},"5":{"start":{"line":7,"column":26},"end":{"line":7,"column":89}},"6":{"start":{"line":9,"column":8},"end":{"line":9,"column":57}},"7":{"start":{"line":10,"column":8},"end":{"line":10,"column":85}},"8":{"start":{"line":11,"column":8},"end":{"line":11,"column":28}},"9":{"start":{"line":13,"column":8},"end":{"line":13,"column":20}}},"fnMap":{"0":{"name":"(anonymous_0)","decl":{"start":{"line":3,"column":31},"end":{"line":3,"column":32}},"loc":{"start":{"line":3,"column":57},"end":{"line":15,"column":1}},"line":3}},"branchMap":{},"s":{"0":1,"1":1,"2":7,"3":7,"4":7,"5":7,"6":1,"7":1,"8":1,"9":6},"f":{"0":7},"b":{},"_coverageSchema":"1a1c01bbd47fc00a2c39e90264f33305004495a9","hash":"72611724721dd3a143bf148b523cf833e50f96e7"}
,"C:\\Users\\Luciana Valera\\Documentos\\semestre-actual\\curso-online\\curso-online-backend\\src\\modules\\certificado\\certificado.routes.js": {"path":"C:\\Users\\Luciana Valera\\Documentos\\semestre-actual\\curso-online\\curso-online-backend\\src\\modules\\certificado\\certificado.routes.js","statementMap":{"0":{"start":{"line":1,"column":0},"end":{"line":13,"column":2}},"1":{"start":{"line":2,"column":19},"end":{"line":2,"column":46}},"2":{"start":{"line":3,"column":24},"end":{"line":3,"column":78}},"3":{"start":{"line":4,"column":17},"end":{"line":4,"column":56}},"4":{"start":{"line":6,"column":4},"end":{"line":10,"column":6}},"5":{"start":{"line":12,"column":4},"end":{"line":12,"column":28}}},"fnMap":{"0":{"name":"(anonymous_0)","decl":{"start":{"line":1,"column":17},"end":{"line":1,"column":18}},"loc":{"start":{"line":1,"column":24},"end":{"line":13,"column":1}},"line":1}},"branchMap":{},"s":{"0":1,"1":1,"2":1,"3":1,"4":1,"5":1},"f":{"0":1},"b":{},"_coverageSchema":"1a1c01bbd47fc00a2c39e90264f33305004495a9","hash":"e1d81fe84bc82bc1eb6540ef3d7927d7a9bfa943"}
,"C:\\Users\\Luciana Valera\\Documentos\\semestre-actual\\curso-online\\curso-online-backend\\src\\modules\\comentario\\comentario.controller.js": {"path":"C:\\Users\\Luciana Valera\\Documentos\\semestre-actual\\curso-online\\curso-online-backend\\src\\modules\\comentario\\comentario.controller.js","statementMap":{"0":{"start":{"line":1,"column":26},"end":{"line":1,"column":57}},"1":{"start":{"line":3,"column":0},"end":{"line":14,"column":2}},"2":{"start":{"line":4,"column":4},"end":{"line":13,"column":5}},"3":{"start":{"line":5,"column":21},"end":{"line":9,"column":10}},"4":{"start":{"line":10,"column":8},"end":{"line":10,"column":35}},"5":{"start":{"line":12,"column":8},"end":{"line":12,"column":20}},"6":{"start":{"line":16,"column":0},"end":{"line":23,"column":2}},"7":{"start":{"line":17,"column":4},"end":{"line":22,"column":5}},"8":{"start":{"line":18,"column":21},"end":{"line":18,"column":76}},"9":{"start":{"line":19,"column":8},"end":{"line":19,"column":23}},"10":{"start":{"line":21,"column":8},"end":{"line":21,"column":20}},"11":{"start":{"line":25,"column":0},"end":{"line":36,"column":2}},"12":{"start":{"line":26,"column":4},"end":{"line":35,"column":5}},"13":{"start":{"line":27,"column":21},"end":{"line":31,"column":9}},"14":{"start":{"line":32,"column":8},"end":{"line":32,"column":23}},"15":{"start":{"line":34,"column":8},"end":{"line":34,"column":20}},"16":{"start":{"line":38,"column":0},"end":{"line":45,"column":2}},"17":{"start":{"line":39,"column":4},"end":{"line":44,"column":5}},"18":{"start":{"line":40,"column":21},"end":{"line":40,"column":79}},"19":{"start":{"line":41,"column":8},"end":{"line":41,"column":23}},"20":{"start":{"line":43,"column":8},"end":{"line":43,"column":20}}},"fnMap":{"0":{"name":"(anonymous_0)","decl":{"start":{"line":3,"column":17},"end":{"line":3,"column":18}},"loc":{"start":{"line":3,"column":43},"end":{"line":14,"column":1}},"line":3},"1":{"name":"(anonymous_1)","decl":{"start":{"line":16,"column":22},"end":{"line":16,"column":23}},"loc":{"start":{"line":16,"column":48},"end":{"line":23,"column":1}},"line":16},"2":{"name":"(anonymous_2)","decl":{"start":{"line":25,"column":17},"end":{"line":25,"column":18}},"loc":{"start":{"line":25,"column":43},"end":{"line":36,"column":1}},"line":25},"3":{"name":"(anonymous_3)","decl":{"start":{"line":38,"column":17},"end":{"line":38,"column":18}},"loc":{"start":{"line":38,"column":43},"end":{"line":45,"column":1}},"line":38}},"branchMap":{},"s":{"0":1,"1":1,"2":2,"3":2,"4":1,"5":1,"6":1,"7":2,"8":2,"9":1,"10":1,"11":1,"12":3,"13":3,"14":1,"15":2,"16":1,"17":3,"18":3,"19":1,"20":2},"f":{"0":2,"1":2,"2":3,"3":3},"b":{},"_coverageSchema":"1a1c01bbd47fc00a2c39e90264f33305004495a9","hash":"a5b70987e3d6daad54cce683665c0662c4789903"}
,"C:\\Users\\Luciana Valera\\Documentos\\semestre-actual\\curso-online\\curso-online-backend\\src\\modules\\comentario\\comentario.model.js": {"path":"C:\\Users\\Luciana Valera\\Documentos\\semestre-actual\\curso-online\\curso-online-backend\\src\\modules\\comentario\\comentario.model.js","statementMap":{"0":{"start":{"line":1,"column":0},"end":{"line":23,"column":2}},"1":{"start":{"line":2,"column":23},"end":{"line":9,"column":6}},"2":{"start":{"line":11,"column":4},"end":{"line":20,"column":6}},"3":{"start":{"line":12,"column":8},"end":{"line":15,"column":11}},"4":{"start":{"line":16,"column":8},"end":{"line":19,"column":11}},"5":{"start":{"line":22,"column":4},"end":{"line":22,"column":22}}},"fnMap":{"0":{"name":"(anonymous_0)","decl":{"start":{"line":1,"column":17},"end":{"line":1,"column":18}},"loc":{"start":{"line":1,"column":43},"end":{"line":23,"column":1}},"line":1},"1":{"name":"(anonymous_1)","decl":{"start":{"line":11,"column":27},"end":{"line":11,"column":28}},"loc":{"start":{"line":11,"column":37},"end":{"line":20,"column":5}},"line":11}},"branchMap":{},"s":{"0":7,"1":7,"2":7,"3":7,"4":7,"5":7},"f":{"0":7,"1":7},"b":{},"_coverageSchema":"1a1c01bbd47fc00a2c39e90264f33305004495a9","hash":"ea3900ef2d3396c4a6af6c805dc4753b9ea137f3"}
,"C:\\Users\\Luciana Valera\\Documentos\\semestre-actual\\curso-online\\curso-online-backend\\src\\modules\\comentario\\comentario.routes.js": {"path":"C:\\Users\\Luciana Valera\\Documentos\\semestre-actual\\curso-online\\curso-online-backend\\src\\modules\\comentario\\comentario.routes.js","statementMap":{"0":{"start":{"line":1,"column":0},"end":{"line":43,"column":2}},"1":{"start":{"line":2,"column":19},"end":{"line":2,"column":46}},"2":{"start":{"line":3,"column":24},"end":{"line":3,"column":76}},"3":{"start":{"line":4,"column":17},"end":{"line":4,"column":56}},"4":{"start":{"line":5,"column":23},"end":{"line":5,"column":68}},"5":{"start":{"line":6,"column":24},"end":{"line":6,"column":57}},"6":{"start":{"line":7,"column":33},"end":{"line":7,"column":78}},"7":{"start":{"line":8,"column":21},"end":{"line":8,"column":72}},"8":{"start":{"line":10,"column":4},"end":{"line":17,"column":6}},"9":{"start":{"line":19,"column":4},"end":{"line":24,"column":6}},"10":{"start":{"line":26,"column":4},"end":{"line":33,"column":6}},"11":{"start":{"line":35,"column":4},"end":{"line":40,"column":6}},"12":{"start":{"line":42,"column":4},"end":{"line":42,"column":28}}},"fnMap":{"0":{"name":"(anonymous_0)","decl":{"start":{"line":1,"column":17},"end":{"line":1,"column":18}},"loc":{"start":{"line":1,"column":24},"end":{"line":43,"column":1}},"line":1}},"branchMap":{},"s":{"0":1,"1":1,"2":1,"3":1,"4":1,"5":1,"6":1,"7":1,"8":1,"9":1,"10":1,"11":1,"12":1},"f":{"0":1},"b":{},"_coverageSchema":"1a1c01bbd47fc00a2c39e90264f33305004495a9","hash":"52cd5f6d1396794838fa0fb2d2f7b9d69b0c34cb"}
,"C:\\Users\\Luciana Valera\\Documentos\\semestre-actual\\curso-online\\curso-online-backend\\src\\modules\\curso\\curso.controller.js": {"path":"C:\\Users\\Luciana Valera\\Documentos\\semestre-actual\\curso-online\\curso-online-backend\\src\\modules\\curso\\curso.controller.js","statementMap":{"0":{"start":{"line":1,"column":21},"end":{"line":1,"column":60}},"1":{"start":{"line":2,"column":28},"end":{"line":2,"column":52}},"2":{"start":{"line":4,"column":0},"end":{"line":24,"column":2}},"3":{"start":{"line":5,"column":4},"end":{"line":23,"column":5}},"4":{"start":{"line":6,"column":85},"end":{"line":6,"column":93}},"5":{"start":{"line":7,"column":30},"end":{"line":7,"column":41}},"6":{"start":{"line":9,"column":22},"end":{"line":15,"column":9}},"7":{"start":{"line":17,"column":8},"end":{"line":17,"column":36}},"8":{"start":{"line":19,"column":8},"end":{"line":21,"column":9}},"9":{"start":{"line":20,"column":12},"end":{"line":20,"column":71}},"10":{"start":{"line":22,"column":8},"end":{"line":22,"column":18}},"11":{"start":{"line":26,"column":0},"end":{"line":53,"column":2}},"12":{"start":{"line":27,"column":4},"end":{"line":52,"column":5}},"13":{"start":{"line":28,"column":24},"end":{"line":28,"column":26}},"14":{"start":{"line":31,"column":8},"end":{"line":36,"column":9}},"15":{"start":{"line":32,"column":12},"end":{"line":32,"column":64}},"16":{"start":{"line":33,"column":12},"end":{"line":35,"column":13}},"17":{"start":{"line":34,"column":16},"end":{"line":34,"column":95}},"18":{"start":{"line":38,"column":8},"end":{"line":43,"column":9}},"19":{"start":{"line":39,"column":12},"end":{"line":39,"column":66}},"20":{"start":{"line":40,"column":12},"end":{"line":42,"column":13}},"21":{"start":{"line":41,"column":16},"end":{"line":41,"column":96}},"22":{"start":{"line":45,"column":23},"end":{"line":45,"column":60}},"23":{"start":{"line":46,"column":8},"end":{"line":46,"column":37}},"24":{"start":{"line":48,"column":8},"end":{"line":50,"column":9}},"25":{"start":{"line":49,"column":12},"end":{"line":49,"column":71}},"26":{"start":{"line":51,"column":8},"end":{"line":51,"column":18}},"27":{"start":{"line":55,"column":0},"end":{"line":63,"column":2}},"28":{"start":{"line":56,"column":4},"end":{"line":62,"column":5}},"29":{"start":{"line":57,"column":22},"end":{"line":57,"column":68}},"30":{"start":{"line":58,"column":8},"end":{"line":58,"column":36}},"31":{"start":{"line":60,"column":8},"end":{"line":60,"column":83}},"32":{"start":{"line":60,"column":24},"end":{"line":60,"column":83}},"33":{"start":{"line":61,"column":8},"end":{"line":61,"column":18}},"34":{"start":{"line":65,"column":0},"end":{"line":75,"column":2}},"35":{"start":{"line":66,"column":4},"end":{"line":74,"column":5}},"36":{"start":{"line":67,"column":22},"end":{"line":67,"column":30}},"37":{"start":{"line":68,"column":26},"end":{"line":68,"column":37}},"38":{"start":{"line":69,"column":22},"end":{"line":69,"column":85}},"39":{"start":{"line":70,"column":8},"end":{"line":70,"column":36}},"40":{"start":{"line":72,"column":8},"end":{"line":72,"column":83}},"41":{"start":{"line":72,"column":24},"end":{"line":72,"column":83}},"42":{"start":{"line":73,"column":8},"end":{"line":73,"column":18}},"43":{"start":{"line":77,"column":0},"end":{"line":86,"column":2}},"44":{"start":{"line":78,"column":4},"end":{"line":85,"column":5}},"45":{"start":{"line":79,"column":26},"end":{"line":79,"column":37}},"46":{"start":{"line":80,"column":23},"end":{"line":80,"column":79}},"47":{"start":{"line":81,"column":8},"end":{"line":81,"column":37}},"48":{"start":{"line":83,"column":8},"end":{"line":83,"column":83}},"49":{"start":{"line":83,"column":24},"end":{"line":83,"column":83}},"50":{"start":{"line":84,"column":8},"end":{"line":84,"column":18}},"51":{"start":{"line":88,"column":0},"end":{"line":103,"column":2}},"52":{"start":{"line":89,"column":4},"end":{"line":102,"column":5}},"53":{"start":{"line":90,"column":8},"end":{"line":92,"column":9}},"54":{"start":{"line":91,"column":12},"end":{"line":91,"column":72}},"55":{"start":{"line":94,"column":26},"end":{"line":94,"column":64}},"56":{"start":{"line":95,"column":27},"end":{"line":95,"column":38}},"57":{"start":{"line":96,"column":22},"end":{"line":96,"column":97}},"58":{"start":{"line":98,"column":8},"end":{"line":98,"column":36}},"59":{"start":{"line":100,"column":8},"end":{"line":100,"column":83}},"60":{"start":{"line":100,"column":24},"end":{"line":100,"column":83}},"61":{"start":{"line":101,"column":8},"end":{"line":101,"column":18}}},"fnMap":{"0":{"name":"(anonymous_0)","decl":{"start":{"line":4,"column":17},"end":{"line":4,"column":18}},"loc":{"start":{"line":4,"column":43},"end":{"line":24,"column":1}},"line":4},"1":{"name":"(anonymous_1)","decl":{"start":{"line":26,"column":18},"end":{"line":26,"column":19}},"loc":{"start":{"line":26,"column":44},"end":{"line":53,"column":1}},"line":26},"2":{"name":"(anonymous_2)","decl":{"start":{"line":55,"column":19},"end":{"line":55,"column":20}},"loc":{"start":{"line":55,"column":45},"end":{"line":63,"column":1}},"line":55},"3":{"name":"(anonymous_3)","decl":{"start":{"line":65,"column":17},"end":{"line":65,"column":18}},"loc":{"start":{"line":65,"column":43},"end":{"line":75,"column":1}},"line":65},"4":{"name":"(anonymous_4)","decl":{"start":{"line":77,"column":17},"end":{"line":77,"column":18}},"loc":{"start":{"line":77,"column":43},"end":{"line":86,"column":1}},"line":77},"5":{"name":"(anonymous_5)","decl":{"start":{"line":88,"column":24},"end":{"line":88,"column":25}},"loc":{"start":{"line":88,"column":50},"end":{"line":103,"column":1}},"line":88}},"branchMap":{"0":{"loc":{"start":{"line":19,"column":8},"end":{"line":21,"column":9}},"type":"if","locations":[{"start":{"line":19,"column":8},"end":{"line":21,"column":9}},{"start":{},"end":{}}],"line":19},"1":{"loc":{"start":{"line":31,"column":8},"end":{"line":36,"column":9}},"type":"if","locations":[{"start":{"line":31,"column":8},"end":{"line":36,"column":9}},{"start":{},"end":{}}],"line":31},"2":{"loc":{"start":{"line":33,"column":12},"end":{"line":35,"column":13}},"type":"if","locations":[{"start":{"line":33,"column":12},"end":{"line":35,"column":13}},{"start":{},"end":{}}],"line":33},"3":{"loc":{"start":{"line":38,"column":8},"end":{"line":43,"column":9}},"type":"if","locations":[{"start":{"line":38,"column":8},"end":{"line":43,"column":9}},{"start":{},"end":{}}],"line":38},"4":{"loc":{"start":{"line":40,"column":12},"end":{"line":42,"column":13}},"type":"if","locations":[{"start":{"line":40,"column":12},"end":{"line":42,"column":13}},{"start":{},"end":{}}],"line":40},"5":{"loc":{"start":{"line":48,"column":8},"end":{"line":50,"column":9}},"type":"if","locations":[{"start":{"line":48,"column":8},"end":{"line":50,"column":9}},{"start":{},"end":{}}],"line":48},"6":{"loc":{"start":{"line":60,"column":8},"end":{"line":60,"column":83}},"type":"if","locations":[{"start":{"line":60,"column":8},"end":{"line":60,"column":83}},{"start":{},"end":{}}],"line":60},"7":{"loc":{"start":{"line":72,"column":8},"end":{"line":72,"column":83}},"type":"if","locations":[{"start":{"line":72,"column":8},"end":{"line":72,"column":83}},{"start":{},"end":{}}],"line":72},"8":{"loc":{"start":{"line":83,"column":8},"end":{"line":83,"column":83}},"type":"if","locations":[{"start":{"line":83,"column":8},"end":{"line":83,"column":83}},{"start":{},"end":{}}],"line":83},"9":{"loc":{"start":{"line":90,"column":8},"end":{"line":92,"column":9}},"type":"if","locations":[{"start":{"line":90,"column":8},"end":{"line":92,"column":9}},{"start":{},"end":{}}],"line":90},"10":{"loc":{"start":{"line":100,"column":8},"end":{"line":100,"column":83}},"type":"if","locations":[{"start":{"line":100,"column":8},"end":{"line":100,"column":83}},{"start":{},"end":{}}],"line":100}},"s":{"0":2,"1":2,"2":2,"3":8,"4":8,"5":8,"6":8,"7":2,"8":6,"9":4,"10":2,"11":2,"12":9,"13":9,"14":9,"15":4,"16":4,"17":2,"18":7,"19":2,"20":2,"21":1,"22":6,"23":4,"24":2,"25":0,"26":2,"27":2,"28":6,"29":6,"30":2,"31":4,"32":2,"33":2,"34":2,"35":7,"36":7,"37":7,"38":7,"39":2,"40":5,"41":3,"42":2,"43":2,"44":7,"45":7,"46":7,"47":2,"48":5,"49":3,"50":2,"51":2,"52":7,"53":7,"54":2,"55":5,"56":5,"57":5,"58":2,"59":5,"60":3,"61":2},"f":{"0":8,"1":9,"2":6,"3":7,"4":7,"5":7},"b":{"0":[4,2],"1":[4,5],"2":[2,2],"3":[2,5],"4":[1,1],"5":[0,2],"6":[2,2],"7":[3,2],"8":[3,2],"9":[2,5],"10":[3,2]},"_coverageSchema":"1a1c01bbd47fc00a2c39e90264f33305004495a9","hash":"f48ba88f05419b2af497d91257e60991e0ce3e60"}
,"C:\\Users\\Luciana Valera\\Documentos\\semestre-actual\\curso-online\\curso-online-backend\\src\\modules\\curso\\curso.model.js": {"path":"C:\\Users\\Luciana Valera\\Documentos\\semestre-actual\\curso-online\\curso-online-backend\\src\\modules\\curso\\curso.model.js","statementMap":{"0":{"start":{"line":1,"column":0},"end":{"line":50,"column":2}},"1":{"start":{"line":2,"column":18},"end":{"line":29,"column":5}},"2":{"start":{"line":31,"column":4},"end":{"line":47,"column":6}},"3":{"start":{"line":32,"column":8},"end":{"line":35,"column":11}},"4":{"start":{"line":37,"column":8},"end":{"line":40,"column":11}},"5":{"start":{"line":42,"column":8},"end":{"line":46,"column":11}},"6":{"start":{"line":49,"column":4},"end":{"line":49,"column":17}}},"fnMap":{"0":{"name":"(anonymous_0)","decl":{"start":{"line":1,"column":17},"end":{"line":1,"column":18}},"loc":{"start":{"line":1,"column":43},"end":{"line":50,"column":1}},"line":1},"1":{"name":"(anonymous_1)","decl":{"start":{"line":31,"column":22},"end":{"line":31,"column":23}},"loc":{"start":{"line":31,"column":32},"end":{"line":47,"column":5}},"line":31}},"branchMap":{},"s":{"0":7,"1":7,"2":7,"3":7,"4":7,"5":7,"6":7},"f":{"0":7,"1":7},"b":{},"_coverageSchema":"1a1c01bbd47fc00a2c39e90264f33305004495a9","hash":"2eb8584ec65747a34f814ea05f301905717236d4"}
,"C:\\Users\\Luciana Valera\\Documentos\\semestre-actual\\curso-online\\curso-online-backend\\src\\modules\\curso\\curso.routes.js": {"path":"C:\\Users\\Luciana Valera\\Documentos\\semestre-actual\\curso-online\\curso-online-backend\\src\\modules\\curso\\curso.routes.js","statementMap":{"0":{"start":{"line":1,"column":0},"end":{"line":56,"column":2}},"1":{"start":{"line":2,"column":19},"end":{"line":2,"column":46}},"2":{"start":{"line":3,"column":24},"end":{"line":3,"column":66}},"3":{"start":{"line":4,"column":17},"end":{"line":4,"column":56}},"4":{"start":{"line":5,"column":23},"end":{"line":5,"column":68}},"5":{"start":{"line":6,"column":24},"end":{"line":6,"column":57}},"6":{"start":{"line":7,"column":19},"end":{"line":7,"column":70}},"7":{"start":{"line":8,"column":28},"end":{"line":8,"column":68}},"8":{"start":{"line":9,"column":21},"end":{"line":9,"column":72}},"9":{"start":{"line":13,"column":4},"end":{"line":20,"column":6}},"10":{"start":{"line":23,"column":4},"end":{"line":23,"column":41}},"11":{"start":{"line":26,"column":4},"end":{"line":26,"column":45}},"12":{"start":{"line":29,"column":4},"end":{"line":36,"column":6}},"13":{"start":{"line":39,"column":4},"end":{"line":44,"column":6}},"14":{"start":{"line":47,"column":4},"end":{"line":53,"column":6}},"15":{"start":{"line":55,"column":4},"end":{"line":55,"column":35}}},"fnMap":{"0":{"name":"(anonymous_0)","decl":{"start":{"line":1,"column":17},"end":{"line":1,"column":18}},"loc":{"start":{"line":1,"column":24},"end":{"line":56,"column":1}},"line":1}},"branchMap":{},"s":{"0":1,"1":1,"2":1,"3":1,"4":1,"5":1,"6":1,"7":1,"8":1,"9":1,"10":1,"11":1,"12":1,"13":1,"14":1,"15":1},"f":{"0":1},"b":{},"_coverageSchema":"1a1c01bbd47fc00a2c39e90264f33305004495a9","hash":"08e07fdf6a8fe82aac35c6ae21b4cbea7e91cdcb"}
,"C:\\Users\\Luciana Valera\\Documentos\\semestre-actual\\curso-online\\curso-online-backend\\src\\modules\\curso\\curso.service.js": {"path":"C:\\Users\\Luciana Valera\\Documentos\\semestre-actual\\curso-online\\curso-online-backend\\src\\modules\\curso\\curso.service.js","statementMap":{"0":{"start":{"line":1,"column":11},"end":{"line":1,"column":31}},"1":{"start":{"line":2,"column":14},"end":{"line":2,"column":23}},"2":{"start":{"line":3,"column":16},"end":{"line":3,"column":27}},"3":{"start":{"line":4,"column":43},"end":{"line":4,"column":67}},"4":{"start":{"line":5,"column":14},"end":{"line":5,"column":41}},"5":{"start":{"line":7,"column":20},"end":{"line":41,"column":1}},"6":{"start":{"line":8,"column":22},"end":{"line":8,"column":63}},"7":{"start":{"line":9,"column":4},"end":{"line":11,"column":5}},"8":{"start":{"line":10,"column":8},"end":{"line":10,"column":57}},"9":{"start":{"line":13,"column":19},"end":{"line":13,"column":76}},"10":{"start":{"line":14,"column":4},"end":{"line":16,"column":5}},"11":{"start":{"line":15,"column":8},"end":{"line":15,"column":59}},"12":{"start":{"line":19,"column":4},"end":{"line":26,"column":5}},"13":{"start":{"line":20,"column":8},"end":{"line":22,"column":9}},"14":{"start":{"line":21,"column":12},"end":{"line":21,"column":95}},"15":{"start":{"line":23,"column":8},"end":{"line":23,"column":37}},"16":{"start":{"line":25,"column":8},"end":{"line":25,"column":32}},"17":{"start":{"line":28,"column":21},"end":{"line":28,"column":72}},"18":{"start":{"line":29,"column":4},"end":{"line":31,"column":5}},"19":{"start":{"line":30,"column":8},"end":{"line":30,"column":79}},"20":{"start":{"line":33,"column":21},"end":{"line":38,"column":6}},"21":{"start":{"line":40,"column":4},"end":{"line":40,"column":20}},"22":{"start":{"line":43,"column":18},"end":{"line":75,"column":1}},"23":{"start":{"line":44,"column":18},"end":{"line":44,"column":20}},"24":{"start":{"line":47,"column":4},"end":{"line":57,"column":5}},"25":{"start":{"line":49,"column":25},"end":{"line":49,"column":87}},"26":{"start":{"line":50,"column":8},"end":{"line":52,"column":9}},"27":{"start":{"line":51,"column":12},"end":{"line":51,"column":62}},"28":{"start":{"line":53,"column":8},"end":{"line":55,"column":9}},"29":{"start":{"line":54,"column":12},"end":{"line":54,"column":83}},"30":{"start":{"line":56,"column":8},"end":{"line":56,"column":46}},"31":{"start":{"line":60,"column":4},"end":{"line":62,"column":5}},"32":{"start":{"line":61,"column":8},"end":{"line":61,"column":48}},"33":{"start":{"line":64,"column":4},"end":{"line":74,"column":7}},"34":{"start":{"line":77,"column":21},"end":{"line":93,"column":1}},"35":{"start":{"line":78,"column":18},"end":{"line":88,"column":6}},"36":{"start":{"line":89,"column":4},"end":{"line":91,"column":5}},"37":{"start":{"line":90,"column":8},"end":{"line":90,"column":55}},"38":{"start":{"line":92,"column":4},"end":{"line":92,"column":17}},"39":{"start":{"line":95,"column":20},"end":{"line":131,"column":1}},"40":{"start":{"line":96,"column":18},"end":{"line":96,"column":42}},"41":{"start":{"line":97,"column":4},"end":{"line":99,"column":5}},"42":{"start":{"line":98,"column":8},"end":{"line":98,"column":55}},"43":{"start":{"line":101,"column":20},"end":{"line":101,"column":73}},"44":{"start":{"line":102,"column":4},"end":{"line":104,"column":5}},"45":{"start":{"line":103,"column":8},"end":{"line":103,"column":59}},"46":{"start":{"line":106,"column":20},"end":{"line":106,"column":54}},"47":{"start":{"line":107,"column":26},"end":{"line":107,"column":56}},"48":{"start":{"line":109,"column":4},"end":{"line":111,"column":5}},"49":{"start":{"line":110,"column":8},"end":{"line":110,"column":78}},"50":{"start":{"line":113,"column":61},"end":{"line":113,"column":66}},"51":{"start":{"line":114,"column":4},"end":{"line":118,"column":5}},"52":{"start":{"line":115,"column":20},"end":{"line":115,"column":61}},"53":{"start":{"line":116,"column":8},"end":{"line":116,"column":67}},"54":{"start":{"line":116,"column":18},"end":{"line":116,"column":67}},"55":{"start":{"line":117,"column":8},"end":{"line":117,"column":40}},"56":{"start":{"line":119,"column":4},"end":{"line":119,"column":38}},"57":{"start":{"line":119,"column":16},"end":{"line":119,"column":38}},"58":{"start":{"line":120,"column":4},"end":{"line":120,"column":53}},"59":{"start":{"line":120,"column":21},"end":{"line":120,"column":53}},"60":{"start":{"line":122,"column":4},"end":{"line":128,"column":5}},"61":{"start":{"line":123,"column":30},"end":{"line":123,"column":84}},"62":{"start":{"line":124,"column":8},"end":{"line":126,"column":9}},"63":{"start":{"line":125,"column":12},"end":{"line":125,"column":83}},"64":{"start":{"line":127,"column":8},"end":{"line":127,"column":38}},"65":{"start":{"line":129,"column":4},"end":{"line":129,"column":23}},"66":{"start":{"line":130,"column":4},"end":{"line":130,"column":17}},"67":{"start":{"line":133,"column":20},"end":{"line":153,"column":1}},"68":{"start":{"line":134,"column":18},"end":{"line":134,"column":42}},"69":{"start":{"line":135,"column":4},"end":{"line":137,"column":5}},"70":{"start":{"line":136,"column":8},"end":{"line":136,"column":55}},"71":{"start":{"line":139,"column":20},"end":{"line":139,"column":73}},"72":{"start":{"line":140,"column":4},"end":{"line":142,"column":5}},"73":{"start":{"line":141,"column":8},"end":{"line":141,"column":59}},"74":{"start":{"line":144,"column":20},"end":{"line":144,"column":54}},"75":{"start":{"line":145,"column":26},"end":{"line":145,"column":56}},"76":{"start":{"line":147,"column":4},"end":{"line":149,"column":5}},"77":{"start":{"line":148,"column":8},"end":{"line":148,"column":80}},"78":{"start":{"line":151,"column":4},"end":{"line":151,"column":26}},"79":{"start":{"line":152,"column":4},"end":{"line":152,"column":55}},"80":{"start":{"line":155,"column":27},"end":{"line":174,"column":1}},"81":{"start":{"line":156,"column":18},"end":{"line":156,"column":42}},"82":{"start":{"line":157,"column":4},"end":{"line":159,"column":5}},"83":{"start":{"line":158,"column":8},"end":{"line":158,"column":55}},"84":{"start":{"line":161,"column":19},"end":{"line":161,"column":76}},"85":{"start":{"line":162,"column":4},"end":{"line":164,"column":5}},"86":{"start":{"line":163,"column":8},"end":{"line":163,"column":59}},"87":{"start":{"line":166,"column":16},"end":{"line":166,"column":33}},"88":{"start":{"line":167,"column":4},"end":{"line":169,"column":5}},"89":{"start":{"line":168,"column":8},"end":{"line":168,"column":81}},"90":{"start":{"line":171,"column":4},"end":{"line":171,"column":32}},"91":{"start":{"line":172,"column":4},"end":{"line":172,"column":23}},"92":{"start":{"line":173,"column":4},"end":{"line":173,"column":17}},"93":{"start":{"line":176,"column":0},"end":{"line":183,"column":2}}},"fnMap":{"0":{"name":"(anonymous_0)","decl":{"start":{"line":7,"column":20},"end":{"line":7,"column":21}},"loc":{"start":{"line":7,"column":99},"end":{"line":41,"column":1}},"line":7},"1":{"name":"(anonymous_1)","decl":{"start":{"line":43,"column":18},"end":{"line":43,"column":19}},"loc":{"start":{"line":43,"column":42},"end":{"line":75,"column":1}},"line":43},"2":{"name":"(anonymous_2)","decl":{"start":{"line":77,"column":21},"end":{"line":77,"column":22}},"loc":{"start":{"line":77,"column":33},"end":{"line":93,"column":1}},"line":77},"3":{"name":"(anonymous_3)","decl":{"start":{"line":95,"column":20},"end":{"line":95,"column":21}},"loc":{"start":{"line":95,"column":52},"end":{"line":131,"column":1}},"line":95},"4":{"name":"(anonymous_4)","decl":{"start":{"line":133,"column":20},"end":{"line":133,"column":21}},"loc":{"start":{"line":133,"column":45},"end":{"line":153,"column":1}},"line":133},"5":{"name":"(anonymous_5)","decl":{"start":{"line":155,"column":27},"end":{"line":155,"column":28}},"loc":{"start":{"line":155,"column":67},"end":{"line":174,"column":1}},"line":155}},"branchMap":{"0":{"loc":{"start":{"line":9,"column":4},"end":{"line":11,"column":5}},"type":"if","locations":[{"start":{"line":9,"column":4},"end":{"line":11,"column":5}},{"start":{},"end":{}}],"line":9},"1":{"loc":{"start":{"line":14,"column":4},"end":{"line":16,"column":5}},"type":"if","locations":[{"start":{"line":14,"column":4},"end":{"line":16,"column":5}},{"start":{},"end":{}}],"line":14},"2":{"loc":{"start":{"line":19,"column":4},"end":{"line":26,"column":5}},"type":"if","locations":[{"start":{"line":19,"column":4},"end":{"line":26,"column":5}},{"start":{"line":24,"column":11},"end":{"line":26,"column":5}}],"line":19},"3":{"loc":{"start":{"line":20,"column":8},"end":{"line":22,"column":9}},"type":"if","locations":[{"start":{"line":20,"column":8},"end":{"line":22,"column":9}},{"start":{},"end":{}}],"line":20},"4":{"loc":{"start":{"line":29,"column":4},"end":{"line":31,"column":5}},"type":"if","locations":[{"start":{"line":29,"column":4},"end":{"line":31,"column":5}},{"start":{},"end":{}}],"line":29},"5":{"loc":{"start":{"line":29,"column":8},"end":{"line":29,"column":59}},"type":"binary-expr","locations":[{"start":{"line":29,"column":8},"end":{"line":29,"column":17}},{"start":{"line":29,"column":21},"end":{"line":29,"column":59}}],"line":29},"6":{"loc":{"start":{"line":43,"column":25},"end":{"line":43,"column":37}},"type":"default-arg","locations":[{"start":{"line":43,"column":35},"end":{"line":43,"column":37}}],"line":43},"7":{"loc":{"start":{"line":47,"column":4},"end":{"line":57,"column":5}},"type":"if","locations":[{"start":{"line":47,"column":4},"end":{"line":57,"column":5}},{"start":{},"end":{}}],"line":47},"8":{"loc":{"start":{"line":50,"column":8},"end":{"line":52,"column":9}},"type":"if","locations":[{"start":{"line":50,"column":8},"end":{"line":52,"column":9}},{"start":{},"end":{}}],"line":50},"9":{"loc":{"start":{"line":53,"column":8},"end":{"line":55,"column":9}},"type":"if","locations":[{"start":{"line":53,"column":8},"end":{"line":55,"column":9}},{"start":{},"end":{}}],"line":53},"10":{"loc":{"start":{"line":60,"column":4},"end":{"line":62,"column":5}},"type":"if","locations":[{"start":{"line":60,"column":4},"end":{"line":62,"column":5}},{"start":{},"end":{}}],"line":60},"11":{"loc":{"start":{"line":89,"column":4},"end":{"line":91,"column":5}},"type":"if","locations":[{"start":{"line":89,"column":4},"end":{"line":91,"column":5}},{"start":{},"end":{}}],"line":89},"12":{"loc":{"start":{"line":97,"column":4},"end":{"line":99,"column":5}},"type":"if","locations":[{"start":{"line":97,"column":4},"end":{"line":99,"column":5}},{"start":{},"end":{}}],"line":97},"13":{"loc":{"start":{"line":102,"column":4},"end":{"line":104,"column":5}},"type":"if","locations":[{"start":{"line":102,"column":4},"end":{"line":104,"column":5}},{"start":{},"end":{}}],"line":102},"14":{"loc":{"start":{"line":109,"column":4},"end":{"line":111,"column":5}},"type":"if","locations":[{"start":{"line":109,"column":4},"end":{"line":111,"column":5}},{"start":{},"end":{}}],"line":109},"15":{"loc":{"start":{"line":109,"column":8},"end":{"line":109,"column":34}},"type":"binary-expr","locations":[{"start":{"line":109,"column":8},"end":{"line":109,"column":16}},{"start":{"line":109,"column":20},"end":{"line":109,"column":34}}],"line":109},"16":{"loc":{"start":{"line":114,"column":4},"end":{"line":118,"column":5}},"type":"if","locations":[{"start":{"line":114,"column":4},"end":{"line":118,"column":5}},{"start":{},"end":{}}],"line":114},"17":{"loc":{"start":{"line":116,"column":8},"end":{"line":116,"column":67}},"type":"if","locations":[{"start":{"line":116,"column":8},"end":{"line":116,"column":67}},{"start":{},"end":{}}],"line":116},"18":{"loc":{"start":{"line":119,"column":4},"end":{"line":119,"column":38}},"type":"if","locations":[{"start":{"line":119,"column":4},"end":{"line":119,"column":38}},{"start":{},"end":{}}],"line":119},"19":{"loc":{"start":{"line":120,"column":4},"end":{"line":120,"column":53}},"type":"if","locations":[{"start":{"line":120,"column":4},"end":{"line":120,"column":53}},{"start":{},"end":{}}],"line":120},"20":{"loc":{"start":{"line":122,"column":4},"end":{"line":128,"column":5}},"type":"if","locations":[{"start":{"line":122,"column":4},"end":{"line":128,"column":5}},{"start":{},"end":{}}],"line":122},"21":{"loc":{"start":{"line":122,"column":8},"end":{"line":122,"column":29}},"type":"binary-expr","locations":[{"start":{"line":122,"column":8},"end":{"line":122,"column":15}},{"start":{"line":122,"column":19},"end":{"line":122,"column":29}}],"line":122},"22":{"loc":{"start":{"line":124,"column":8},"end":{"line":126,"column":9}},"type":"if","locations":[{"start":{"line":124,"column":8},"end":{"line":126,"column":9}},{"start":{},"end":{}}],"line":124},"23":{"loc":{"start":{"line":124,"column":12},"end":{"line":124,"column":73}},"type":"binary-expr","locations":[{"start":{"line":124,"column":12},"end":{"line":124,"column":26}},{"start":{"line":124,"column":30},"end":{"line":124,"column":73}}],"line":124},"24":{"loc":{"start":{"line":135,"column":4},"end":{"line":137,"column":5}},"type":"if","locations":[{"start":{"line":135,"column":4},"end":{"line":137,"column":5}},{"start":{},"end":{}}],"line":135},"25":{"loc":{"start":{"line":140,"column":4},"end":{"line":142,"column":5}},"type":"if","locations":[{"start":{"line":140,"column":4},"end":{"line":142,"column":5}},{"start":{},"end":{}}],"line":140},"26":{"loc":{"start":{"line":147,"column":4},"end":{"line":149,"column":5}},"type":"if","locations":[{"start":{"line":147,"column":4},"end":{"line":149,"column":5}},{"start":{},"end":{}}],"line":147},"27":{"loc":{"start":{"line":147,"column":8},"end":{"line":147,"column":34}},"type":"binary-expr","locations":[{"start":{"line":147,"column":8},"end":{"line":147,"column":16}},{"start":{"line":147,"column":20},"end":{"line":147,"column":34}}],"line":147},"28":{"loc":{"start":{"line":157,"column":4},"end":{"line":159,"column":5}},"type":"if","locations":[{"start":{"line":157,"column":4},"end":{"line":159,"column":5}},{"start":{},"end":{}}],"line":157},"29":{"loc":{"start":{"line":162,"column":4},"end":{"line":164,"column":5}},"type":"if","locations":[{"start":{"line":162,"column":4},"end":{"line":164,"column":5}},{"start":{},"end":{}}],"line":162},"30":{"loc":{"start":{"line":167,"column":4},"end":{"line":169,"column":5}},"type":"if","locations":[{"start":{"line":167,"column":4},"end":{"line":169,"column":5}},{"start":{},"end":{}}],"line":167},"31":{"loc":{"start":{"line":167,"column":8},"end":{"line":167,"column":65}},"type":"binary-expr","locations":[{"start":{"line":167,"column":8},"end":{"line":167,"column":27}},{"start":{"line":167,"column":31},"end":{"line":167,"column":65}}],"line":167}},"s":{"0":1,"1":1,"2":1,"3":1,"4":1,"5":1,"6":0,"7":0,"8":0,"9":0,"10":0,"11":0,"12":0,"13":0,"14":0,"15":0,"16":0,"17":0,"18":0,"19":0,"20":0,"21":0,"22":1,"23":0,"24":0,"25":0,"26":0,"27":0,"28":0,"29":0,"30":0,"31":0,"32":0,"33":0,"34":1,"35":0,"36":0,"37":0,"38":0,"39":1,"40":0,"41":0,"42":0,"43":0,"44":0,"45":0,"46":0,"47":0,"48":0,"49":0,"50":0,"51":0,"52":0,"53":0,"54":0,"55":0,"56":0,"57":0,"58":0,"59":0,"60":0,"61":0,"62":0,"63":0,"64":0,"65":0,"66":0,"67":1,"68":0,"69":0,"70":0,"71":0,"72":0,"73":0,"74":0,"75":0,"76":0,"77":0,"78":0,"79":0,"80":1,"81":0,"82":0,"83":0,"84":0,"85":0,"86":0,"87":0,"88":0,"89":0,"90":0,"91":0,"92":0,"93":1},"f":{"0":0,"1":0,"2":0,"3":0,"4":0,"5":0},"b":{"0":[0,0],"1":[0,0],"2":[0,0],"3":[0,0],"4":[0,0],"5":[0,0],"6":[0],"7":[0,0],"8":[0,0],"9":[0,0],"10":[0,0],"11":[0,0],"12":[0,0],"13":[0,0],"14":[0,0],"15":[0,0],"16":[0,0],"17":[0,0],"18":[0,0],"19":[0,0],"20":[0,0],"21":[0,0],"22":[0,0],"23":[0,0],"24":[0,0],"25":[0,0],"26":[0,0],"27":[0,0],"28":[0,0],"29":[0,0],"30":[0,0],"31":[0,0]},"_coverageSchema":"1a1c01bbd47fc00a2c39e90264f33305004495a9","hash":"fa49424047c21009ab898d0648a66a09b25f3600"}
,"C:\\Users\\Luciana Valera\\Documentos\\semestre-actual\\curso-online\\curso-online-backend\\src\\modules\\inscripcion\\inscripcion.controller.js": {"path":"C:\\Users\\Luciana Valera\\Documentos\\semestre-actual\\curso-online\\curso-online-backend\\src\\modules\\inscripcion\\inscripcion.controller.js","statementMap":{"0":{"start":{"line":1,"column":27},"end":{"line":1,"column":78}},"1":{"start":{"line":3,"column":0},"end":{"line":12,"column":2}},"2":{"start":{"line":4,"column":4},"end":{"line":11,"column":5}},"3":{"start":{"line":5,"column":24},"end":{"line":5,"column":42}},"4":{"start":{"line":6,"column":29},"end":{"line":6,"column":40}},"5":{"start":{"line":7,"column":28},"end":{"line":7,"column":82}},"6":{"start":{"line":8,"column":8},"end":{"line":8,"column":42}},"7":{"start":{"line":10,"column":8},"end":{"line":10,"column":20}},"8":{"start":{"line":14,"column":0},"end":{"line":22,"column":2}},"9":{"start":{"line":15,"column":4},"end":{"line":21,"column":5}},"10":{"start":{"line":16,"column":30},"end":{"line":16,"column":43}},"11":{"start":{"line":17,"column":28},"end":{"line":17,"column":76}},"12":{"start":{"line":18,"column":8},"end":{"line":18,"column":42}},"13":{"start":{"line":20,"column":8},"end":{"line":20,"column":20}},"14":{"start":{"line":24,"column":0},"end":{"line":33,"column":2}},"15":{"start":{"line":25,"column":4},"end":{"line":32,"column":5}},"16":{"start":{"line":26,"column":30},"end":{"line":26,"column":43}},"17":{"start":{"line":27,"column":26},"end":{"line":27,"column":37}},"18":{"start":{"line":28,"column":23},"end":{"line":28,"column":80}},"19":{"start":{"line":29,"column":8},"end":{"line":29,"column":37}},"20":{"start":{"line":31,"column":8},"end":{"line":31,"column":20}},"21":{"start":{"line":35,"column":0},"end":{"line":43,"column":2}},"22":{"start":{"line":36,"column":4},"end":{"line":42,"column":5}},"23":{"start":{"line":37,"column":24},"end":{"line":37,"column":42}},"24":{"start":{"line":38,"column":30},"end":{"line":38,"column":75}},"25":{"start":{"line":39,"column":8},"end":{"line":39,"column":44}},"26":{"start":{"line":41,"column":8},"end":{"line":41,"column":20}},"27":{"start":{"line":45,"column":0},"end":{"line":53,"column":2}},"28":{"start":{"line":46,"column":4},"end":{"line":52,"column":5}},"29":{"start":{"line":47,"column":29},"end":{"line":47,"column":40}},"30":{"start":{"line":48,"column":23},"end":{"line":48,"column":78}},"31":{"start":{"line":49,"column":8},"end":{"line":49,"column":37}},"32":{"start":{"line":51,"column":8},"end":{"line":51,"column":20}}},"fnMap":{"0":{"name":"(anonymous_0)","decl":{"start":{"line":3,"column":17},"end":{"line":3,"column":18}},"loc":{"start":{"line":3,"column":43},"end":{"line":12,"column":1}},"line":3},"1":{"name":"(anonymous_1)","decl":{"start":{"line":14,"column":19},"end":{"line":14,"column":20}},"loc":{"start":{"line":14,"column":45},"end":{"line":22,"column":1}},"line":14},"2":{"name":"(anonymous_2)","decl":{"start":{"line":24,"column":17},"end":{"line":24,"column":18}},"loc":{"start":{"line":24,"column":43},"end":{"line":33,"column":1}},"line":24},"3":{"name":"(anonymous_3)","decl":{"start":{"line":35,"column":22},"end":{"line":35,"column":23}},"loc":{"start":{"line":35,"column":48},"end":{"line":43,"column":1}},"line":35},"4":{"name":"(anonymous_4)","decl":{"start":{"line":45,"column":27},"end":{"line":45,"column":28}},"loc":{"start":{"line":45,"column":53},"end":{"line":53,"column":1}},"line":45}},"branchMap":{},"s":{"0":2,"1":2,"2":8,"3":8,"4":8,"5":8,"6":2,"7":6,"8":2,"9":5,"10":5,"11":5,"12":2,"13":3,"14":2,"15":6,"16":6,"17":6,"18":6,"19":2,"20":4,"21":2,"22":5,"23":5,"24":5,"25":2,"26":3,"27":2,"28":4,"29":4,"30":4,"31":2,"32":2},"f":{"0":8,"1":5,"2":6,"3":5,"4":4},"b":{},"_coverageSchema":"1a1c01bbd47fc00a2c39e90264f33305004495a9","hash":"4a707570d48cf0ae47feb6f2ef7f5c90d953d282"}
,"C:\\Users\\Luciana Valera\\Documentos\\semestre-actual\\curso-online\\curso-online-backend\\src\\modules\\inscripcion\\inscripcion.model.js": {"path":"C:\\Users\\Luciana Valera\\Documentos\\semestre-actual\\curso-online\\curso-online-backend\\src\\modules\\inscripcion\\inscripcion.model.js","statementMap":{"0":{"start":{"line":1,"column":0},"end":{"line":42,"column":2}},"1":{"start":{"line":2,"column":24},"end":{"line":23,"column":5}},"2":{"start":{"line":25,"column":4},"end":{"line":39,"column":6}},"3":{"start":{"line":26,"column":8},"end":{"line":29,"column":11}},"4":{"start":{"line":30,"column":8},"end":{"line":33,"column":11}},"5":{"start":{"line":34,"column":8},"end":{"line":38,"column":11}},"6":{"start":{"line":41,"column":4},"end":{"line":41,"column":23}}},"fnMap":{"0":{"name":"(anonymous_0)","decl":{"start":{"line":1,"column":17},"end":{"line":1,"column":18}},"loc":{"start":{"line":1,"column":43},"end":{"line":42,"column":1}},"line":1},"1":{"name":"(anonymous_1)","decl":{"start":{"line":25,"column":28},"end":{"line":25,"column":29}},"loc":{"start":{"line":25,"column":38},"end":{"line":39,"column":5}},"line":25}},"branchMap":{},"s":{"0":7,"1":7,"2":7,"3":7,"4":7,"5":7,"6":7},"f":{"0":7,"1":7},"b":{},"_coverageSchema":"1a1c01bbd47fc00a2c39e90264f33305004495a9","hash":"1aef724cc1b913a70e4ebb534c191716a3632cca"}
,"C:\\Users\\Luciana Valera\\Documentos\\semestre-actual\\curso-online\\curso-online-backend\\src\\modules\\inscripcion\\inscripcion.routes.js": {"path":"C:\\Users\\Luciana Valera\\Documentos\\semestre-actual\\curso-online\\curso-online-backend\\src\\modules\\inscripcion\\inscripcion.routes.js","statementMap":{"0":{"start":{"line":1,"column":0},"end":{"line":50,"column":2}},"1":{"start":{"line":2,"column":19},"end":{"line":2,"column":46}},"2":{"start":{"line":3,"column":24},"end":{"line":3,"column":78}},"3":{"start":{"line":4,"column":17},"end":{"line":4,"column":56}},"4":{"start":{"line":5,"column":23},"end":{"line":5,"column":68}},"5":{"start":{"line":6,"column":24},"end":{"line":6,"column":57}},"6":{"start":{"line":7,"column":34},"end":{"line":7,"column":80}},"7":{"start":{"line":8,"column":21},"end":{"line":8,"column":72}},"8":{"start":{"line":10,"column":4},"end":{"line":17,"column":6}},"9":{"start":{"line":20,"column":4},"end":{"line":25,"column":6}},"10":{"start":{"line":28,"column":4},"end":{"line":33,"column":6}},"11":{"start":{"line":35,"column":4},"end":{"line":40,"column":6}},"12":{"start":{"line":42,"column":4},"end":{"line":47,"column":6}},"13":{"start":{"line":49,"column":4},"end":{"line":49,"column":28}}},"fnMap":{"0":{"name":"(anonymous_0)","decl":{"start":{"line":1,"column":17},"end":{"line":1,"column":18}},"loc":{"start":{"line":1,"column":24},"end":{"line":50,"column":1}},"line":1}},"branchMap":{},"s":{"0":1,"1":1,"2":1,"3":1,"4":1,"5":1,"6":1,"7":1,"8":1,"9":1,"10":1,"11":1,"12":1,"13":1},"f":{"0":1},"b":{},"_coverageSchema":"1a1c01bbd47fc00a2c39e90264f33305004495a9","hash":"0b0800296038f8fcbf3cc698e1bd0d5496fb5e27"}
,"C:\\Users\\Luciana Valera\\Documentos\\semestre-actual\\curso-online\\curso-online-backend\\src\\modules\\inscripcion\\inscripcion.service.js": {"path":"C:\\Users\\Luciana Valera\\Documentos\\semestre-actual\\curso-online\\curso-online-backend\\src\\modules\\inscripcion\\inscripcion.service.js","statementMap":{"0":{"start":{"line":1,"column":11},"end":{"line":1,"column":25}},"1":{"start":{"line":2,"column":20},"end":{"line":2,"column":36}},"2":{"start":{"line":3,"column":14},"end":{"line":3,"column":23}},"3":{"start":{"line":4,"column":16},"end":{"line":4,"column":27}},"4":{"start":{"line":5,"column":59},"end":{"line":5,"column":83}},"5":{"start":{"line":6,"column":14},"end":{"line":6,"column":41}},"6":{"start":{"line":8,"column":15},"end":{"line":39,"column":1}},"7":{"start":{"line":9,"column":18},"end":{"line":9,"column":47}},"8":{"start":{"line":10,"column":4},"end":{"line":10,"column":63}},"9":{"start":{"line":10,"column":16},"end":{"line":10,"column":63}},"10":{"start":{"line":12,"column":20},"end":{"line":12,"column":76}},"11":{"start":{"line":13,"column":4},"end":{"line":13,"column":67}},"12":{"start":{"line":13,"column":18},"end":{"line":13,"column":67}},"13":{"start":{"line":15,"column":4},"end":{"line":17,"column":5}},"14":{"start":{"line":16,"column":8},"end":{"line":16,"column":77}},"15":{"start":{"line":19,"column":23},"end":{"line":19,"column":86}},"16":{"start":{"line":20,"column":4},"end":{"line":20,"column":81}},"17":{"start":{"line":20,"column":20},"end":{"line":20,"column":81}},"18":{"start":{"line":22,"column":24},"end":{"line":22,"column":75}},"19":{"start":{"line":25,"column":4},"end":{"line":38,"column":7}},"20":{"start":{"line":41,"column":20},"end":{"line":60,"column":1}},"21":{"start":{"line":42,"column":18},"end":{"line":42,"column":47}},"22":{"start":{"line":43,"column":4},"end":{"line":43,"column":63}},"23":{"start":{"line":43,"column":16},"end":{"line":43,"column":63}},"24":{"start":{"line":45,"column":4},"end":{"line":59,"column":7}},"25":{"start":{"line":62,"column":25},"end":{"line":77,"column":1}},"26":{"start":{"line":63,"column":4},"end":{"line":76,"column":7}},"27":{"start":{"line":79,"column":17},"end":{"line":96,"column":1}},"28":{"start":{"line":80,"column":24},"end":{"line":93,"column":6}},"29":{"start":{"line":94,"column":4},"end":{"line":94,"column":75}},"30":{"start":{"line":94,"column":22},"end":{"line":94,"column":75}},"31":{"start":{"line":95,"column":4},"end":{"line":95,"column":23}},"32":{"start":{"line":98,"column":15},"end":{"line":115,"column":1}},"33":{"start":{"line":99,"column":24},"end":{"line":99,"column":65}},"34":{"start":{"line":100,"column":4},"end":{"line":100,"column":75}},"35":{"start":{"line":100,"column":22},"end":{"line":100,"column":75}},"36":{"start":{"line":102,"column":20},"end":{"line":102,"column":73}},"37":{"start":{"line":103,"column":4},"end":{"line":103,"column":67}},"38":{"start":{"line":103,"column":18},"end":{"line":103,"column":67}},"39":{"start":{"line":105,"column":20},"end":{"line":105,"column":55}},"40":{"start":{"line":106,"column":25},"end":{"line":106,"column":63}},"41":{"start":{"line":109,"column":4},"end":{"line":111,"column":5}},"42":{"start":{"line":110,"column":8},"end":{"line":110,"column":85}},"43":{"start":{"line":113,"column":4},"end":{"line":113,"column":32}},"44":{"start":{"line":114,"column":4},"end":{"line":114,"column":61}},"45":{"start":{"line":117,"column":0},"end":{"line":123,"column":2}}},"fnMap":{"0":{"name":"(anonymous_0)","decl":{"start":{"line":8,"column":15},"end":{"line":8,"column":16}},"loc":{"start":{"line":8,"column":48},"end":{"line":39,"column":1}},"line":8},"1":{"name":"(anonymous_1)","decl":{"start":{"line":41,"column":20},"end":{"line":41,"column":21}},"loc":{"start":{"line":41,"column":37},"end":{"line":60,"column":1}},"line":41},"2":{"name":"(anonymous_2)","decl":{"start":{"line":62,"column":25},"end":{"line":62,"column":26}},"loc":{"start":{"line":62,"column":47},"end":{"line":77,"column":1}},"line":62},"3":{"name":"(anonymous_3)","decl":{"start":{"line":79,"column":17},"end":{"line":79,"column":18}},"loc":{"start":{"line":79,"column":40},"end":{"line":96,"column":1}},"line":79},"4":{"name":"(anonymous_4)","decl":{"start":{"line":98,"column":15},"end":{"line":98,"column":16}},"loc":{"start":{"line":98,"column":51},"end":{"line":115,"column":1}},"line":98}},"branchMap":{"0":{"loc":{"start":{"line":10,"column":4},"end":{"line":10,"column":63}},"type":"if","locations":[{"start":{"line":10,"column":4},"end":{"line":10,"column":63}},{"start":{},"end":{}}],"line":10},"1":{"loc":{"start":{"line":13,"column":4},"end":{"line":13,"column":67}},"type":"if","locations":[{"start":{"line":13,"column":4},"end":{"line":13,"column":67}},{"start":{},"end":{}}],"line":13},"2":{"loc":{"start":{"line":15,"column":4},"end":{"line":17,"column":5}},"type":"if","locations":[{"start":{"line":15,"column":4},"end":{"line":17,"column":5}},{"start":{},"end":{}}],"line":15},"3":{"loc":{"start":{"line":20,"column":4},"end":{"line":20,"column":81}},"type":"if","locations":[{"start":{"line":20,"column":4},"end":{"line":20,"column":81}},{"start":{},"end":{}}],"line":20},"4":{"loc":{"start":{"line":43,"column":4},"end":{"line":43,"column":63}},"type":"if","locations":[{"start":{"line":43,"column":4},"end":{"line":43,"column":63}},{"start":{},"end":{}}],"line":43},"5":{"loc":{"start":{"line":94,"column":4},"end":{"line":94,"column":75}},"type":"if","locations":[{"start":{"line":94,"column":4},"end":{"line":94,"column":75}},{"start":{},"end":{}}],"line":94},"6":{"loc":{"start":{"line":100,"column":4},"end":{"line":100,"column":75}},"type":"if","locations":[{"start":{"line":100,"column":4},"end":{"line":100,"column":75}},{"start":{},"end":{}}],"line":100},"7":{"loc":{"start":{"line":103,"column":4},"end":{"line":103,"column":67}},"type":"if","locations":[{"start":{"line":103,"column":4},"end":{"line":103,"column":67}},{"start":{},"end":{}}],"line":103},"8":{"loc":{"start":{"line":109,"column":4},"end":{"line":111,"column":5}},"type":"if","locations":[{"start":{"line":109,"column":4},"end":{"line":111,"column":5}},{"start":{},"end":{}}],"line":109},"9":{"loc":{"start":{"line":109,"column":8},"end":{"line":109,"column":33}},"type":"binary-expr","locations":[{"start":{"line":109,"column":8},"end":{"line":109,"column":16}},{"start":{"line":109,"column":20},"end":{"line":109,"column":33}}],"line":109}},"s":{"0":1,"1":1,"2":1,"3":1,"4":1,"5":1,"6":1,"7":0,"8":0,"9":0,"10":0,"11":0,"12":0,"13":0,"14":0,"15":0,"16":0,"17":0,"18":0,"19":0,"20":1,"21":0,"22":0,"23":0,"24":0,"25":1,"26":0,"27":1,"28":0,"29":0,"30":0,"31":0,"32":1,"33":0,"34":0,"35":0,"36":0,"37":0,"38":0,"39":0,"40":0,"41":0,"42":0,"43":0,"44":0,"45":1},"f":{"0":0,"1":0,"2":0,"3":0,"4":0},"b":{"0":[0,0],"1":[0,0],"2":[0,0],"3":[0,0],"4":[0,0],"5":[0,0],"6":[0,0],"7":[0,0],"8":[0,0],"9":[0,0]},"_coverageSchema":"1a1c01bbd47fc00a2c39e90264f33305004495a9","hash":"6e36c344e8c007604dca8bfd3b482ad06610f337"}
,"C:\\Users\\Luciana Valera\\Documentos\\semestre-actual\\curso-online\\curso-online-backend\\src\\modules\\nota\\nota.controller.js": {"path":"C:\\Users\\Luciana Valera\\Documentos\\semestre-actual\\curso-online\\curso-online-backend\\src\\modules\\nota\\nota.controller.js","statementMap":{"0":{"start":{"line":1,"column":20},"end":{"line":1,"column":57}},"1":{"start":{"line":3,"column":0},"end":{"line":14,"column":2}},"2":{"start":{"line":4,"column":4},"end":{"line":13,"column":5}},"3":{"start":{"line":5,"column":38},"end":{"line":5,"column":46}},"4":{"start":{"line":6,"column":30},"end":{"line":6,"column":54}},"5":{"start":{"line":7,"column":26},"end":{"line":7,"column":37}},"6":{"start":{"line":9,"column":21},"end":{"line":9,"column":90}},"7":{"start":{"line":10,"column":8},"end":{"line":10,"column":35}},"8":{"start":{"line":12,"column":8},"end":{"line":12,"column":20}},"9":{"start":{"line":16,"column":0},"end":{"line":26,"column":2}},"10":{"start":{"line":17,"column":4},"end":{"line":25,"column":5}},"11":{"start":{"line":18,"column":30},"end":{"line":18,"column":54}},"12":{"start":{"line":19,"column":26},"end":{"line":19,"column":37}},"13":{"start":{"line":21,"column":22},"end":{"line":21,"column":83}},"14":{"start":{"line":22,"column":8},"end":{"line":22,"column":36}},"15":{"start":{"line":24,"column":8},"end":{"line":24,"column":20}},"16":{"start":{"line":28,"column":0},"end":{"line":36,"column":2}},"17":{"start":{"line":29,"column":4},"end":{"line":35,"column":5}},"18":{"start":{"line":30,"column":26},"end":{"line":30,"column":37}},"19":{"start":{"line":31,"column":22},"end":{"line":31,"column":59}},"20":{"start":{"line":32,"column":8},"end":{"line":32,"column":36}},"21":{"start":{"line":34,"column":8},"end":{"line":34,"column":20}},"22":{"start":{"line":38,"column":0},"end":{"line":47,"column":2}},"23":{"start":{"line":39,"column":4},"end":{"line":46,"column":5}},"24":{"start":{"line":40,"column":23},"end":{"line":40,"column":36}},"25":{"start":{"line":41,"column":26},"end":{"line":41,"column":37}},"26":{"start":
[...]
ine":6,"column":18},"end":{"line":6,"column":20}},"5":{"start":{"line":7,"column":18},"end":{"line":11,"column":6}},"6":{"start":{"line":12,"column":4},"end":{"line":14,"column":5}},"7":{"start":{"line":13,"column":8},"end":{"line":13,"column":49}},"8":{"start":{"line":15,"column":4},"end":{"line":18,"column":7}},"9":{"start":{"line":21,"column":17},"end":{"line":32,"column":1}},"10":{"start":{"line":22,"column":20},"end":{"line":29,"column":6}},"11":{"start":{"line":30,"column":4},"end":{"line":30,"column":67}},"12":{"start":{"line":30,"column":18},"end":{"line":30,"column":67}},"13":{"start":{"line":31,"column":4},"end":{"line":31,"column":19}},"14":{"start":{"line":34,"column":15},"end":{"line":43,"column":1}},"15":{"start":{"line":35,"column":20},"end":{"line":35,"column":46}},"16":{"start":{"line":36,"column":4},"end":{"line":36,"column":67}},"17":{"start":{"line":36,"column":18},"end":{"line":36,"column":67}},"18":{"start":{"line":37,"column":40},"end":{"line":37,"column":45}},"19":{"start":{"line":38,"column":4},"end":{"line":38,"column":40}},"20":{"start":{"line":38,"column":16},"end":{"line":38,"column":40}},"21":{"start":{"line":39,"column":4},"end":{"line":39,"column":46}},"22":{"start":{"line":39,"column":18},"end":{"line":39,"column":46}},"23":{"start":{"line":40,"column":4},"end":{"line":40,"column":37}},"24":{"start":{"line":40,"column":15},"end":{"line":40,"column":37}},"25":{"start":{"line":41,"column":4},"end":{"line":41,"column":25}},"26":{"start":{"line":42,"column":4},"end":{"line":42,"column":19}},"27":{"start":{"line":45,"column":15},"end":{"line":50,"column":1}},"28":{"start":{"line":46,"column":20},"end":{"line":46,"column":46}},"29":{"start":{"line":47,"column":4},"end":{"line":47,"column":67}},"30":{"start":{"line":47,"column":18},"end":{"line":47,"column":67}},"31":{"start":{"line":48,"column":4},"end":{"line":48,"column":28}},"32":{"start":{"line":49,"column":4},"end":{"line":49,"column":57}},"33":{"start":{"line":52,"column":0},"end":{"line":52,"column":55}}},"fnMap":{"0":{"name":"(anonymous_0)","decl":{"start":{"line":5,"column":16},"end":{"line":5,"column":17}},"loc":{"start":{"line":5,"column":37},"end":{"line":19,"column":1}},"line":5},"1":{"name":"(anonymous_1)","decl":{"start":{"line":21,"column":17},"end":{"line":21,"column":18}},"loc":{"start":{"line":21,"column":29},"end":{"line":32,"column":1}},"line":21},"2":{"name":"(anonymous_2)","decl":{"start":{"line":34,"column":15},"end":{"line":34,"column":16}},"loc":{"start":{"line":34,"column":36},"end":{"line":43,"column":1}},"line":34},"3":{"name":"(anonymous_3)","decl":{"start":{"line":45,"column":15},"end":{"line":45,"column":16}},"loc":{"start":{"line":45,"column":27},"end":{"line":50,"column":1}},"line":45}},"branchMap":{"0":{"loc":{"start":{"line":12,"column":4},"end":{"line":14,"column":5}},"type":"if","locations":[{"start":{"line":12,"column":4},"end":{"line":14,"column":5}},{"start":{},"end":{}}],"line":12},"1":{"loc":{"start":{"line":30,"column":4},"end":{"line":30,"column":67}},"type":"if","locations":[{"start":{"line":30,"column":4},"end":{"line":30,"column":67}},{"start":{},"end":{}}],"line":30},"2":{"loc":{"start":{"line":36,"column":4},"end":{"line":36,"column":67}},"type":"if","locations":[{"start":{"line":36,"column":4},"end":{"line":36,"column":67}},{"start":{},"end":{}}],"line":36},"3":{"loc":{"start":{"line":38,"column":4},"end":{"line":38,"column":40}},"type":"if","locations":[{"start":{"line":38,"column":4},"end":{"line":38,"column":40}},{"start":{},"end":{}}],"line":38},"4":{"loc":{"start":{"line":39,"column":4},"end":{"line":39,"column":46}},"type":"if","locations":[{"start":{"line":39,"column":4},"end":{"line":39,"column":46}},{"start":{},"end":{}}],"line":39},"5":{"loc":{"start":{"line":40,"column":4},"end":{"line":40,"column":37}},"type":"if","locations":[{"start":{"line":40,"column":4},"end":{"line":40,"column":37}},{"start":{},"end":{}}],"line":40},"6":{"loc":{"start":{"line":47,"column":4},"end":{"line":47,"column":67}},"type":"if","locations":[{"start":{"line":47,"column":4},"end":{"line":47,"column":67}},{"start":{},"end":{}}],"line":47}},"s":{"0":2,"1":2,"2":2,"3":2,"4":0,"5":0,"6":0,"7":0,"8":0,"9":2,"10":2,"11":2,"12":1,"13":1,"14":2,"15":0,"16":0,"17":0,"18":0,"19":0,"20":0,"21":0,"22":0,"23":0,"24":0,"25":0,"26":0,"27":2,"28":0,"29":0,"30":0,"31":0,"32":0,"33":2},"f":{"0":0,"1":2,"2":0,"3":0},"b":{"0":[0,0],"1":[1,1],"2":[0,0],"3":[0,0],"4":[0,0],"5":[0,0],"6":[0,0]},"_coverageSchema":"1a1c01bbd47fc00a2c39e90264f33305004495a9","hash":"0c7ec1878848fdb890549c8c90c8eb3bb91a398f"}
,"C:\\Users\\Luciana Valera\\Documentos\\semestre-actual\\curso-online\\curso-online-backend\\src\\modules\\video\\video.controller.js": {"path":"C:\\Users\\Luciana Valera\\Documentos\\semestre-actual\\curso-online\\curso-online-backend\\src\\modules\\video\\video.controller.js","statementMap":{"0":{"start":{"line":1,"column":21},"end":{"line":1,"column":60}},"1":{"start":{"line":3,"column":0},"end":{"line":14,"column":2}},"2":{"start":{"line":4,"column":4},"end":{"line":13,"column":5}},"3":{"start":{"line":5,"column":24},"end":{"line":5,"column":42}},"4":{"start":{"line":6,"column":26},"end":{"line":6,"column":37}},"5":{"start":{"line":7,"column":39},"end":{"line":7,"column":47}},"6":{"start":{"line":9,"column":22},"end":{"line":9,"column":87}},"7":{"start":{"line":10,"column":8},"end":{"line":10,"column":36}},"8":{"start":{"line":12,"column":8},"end":{"line":12,"column":20}},"9":{"start":{"line":16,"column":0},"end":{"line":26,"column":2}},"10":{"start":{"line":17,"column":4},"end":{"line":25,"column":5}},"11":{"start":{"line":18,"column":24},"end":{"line":18,"column":42}},"12":{"start":{"line":19,"column":26},"end":{"line":19,"column":37}},"13":{"start":{"line":21,"column":22},"end":{"line":21,"column":68}},"14":{"start":{"line":22,"column":8},"end":{"line":22,"column":36}},"15":{"start":{"line":24,"column":8},"end":{"line":24,"column":20}},"16":{"start":{"line":28,"column":0},"end":{"line":38,"column":2}},"17":{"start":{"line":29,"column":4},"end":{"line":37,"column":5}},"18":{"start":{"line":30,"column":19},"end":{"line":30,"column":32}},"19":{"start":{"line":31,"column":26},"end":{"line":31,"column":37}},"20":{"start":{"line":33,"column":22},"end":{"line":33,"column":64}},"21":{"start":{"line":34,"column":8},"end":{"line":34,"column":36}},"22":{"start":{"line":36,"column":8},"end":{"line":36,"column":20}},"23":{"start":{"line":40,"column":0},"end":{"line":51,"column":2}},"24":{"start":{"line":41,"column":4},"end":{"line":50,"column":5}},"25":{"start":{"line":42,"column":19},"end":{"line":42,"column":32}},"26":{"start":{"line":43,"column":26},"end":{"line":43,"column":37}},"27":{"start":{"line":44,"column":24},"end":{"line":44,"column":32}},"28":{"start":{"line":46,"column":28},"end":{"line":46,"column":77}},"29":{"start":{"line":47,"column":8},"end":{"line":47,"column":42}},"30":{"start":{"line":49,"column":8},"end":{"line":49,"column":20}},"31":{"start":{"line":53,"column":0},"end":{"line":63,"column":2}},"32":{"start":{"line":54,"column":4},"end":{"line":62,"column":5}},"33":{"start":{"line":55,"column":19},"end":{"line":55,"column":32}},"34":{"start":{"line":56,"column":26},"end":{"line":56,"column":37}},"35":{"start":{"line":58,"column":26},"end":{"line":58,"column":66}},"36":{"start":{"line":59,"column":8},"end":{"line":59,"column":40}},"37":{"start":{"line":61,"column":8},"end":{"line":61,"column":20}},"38":{"start":{"line":65,"column":0},"end":{"line":80,"column":2}},"39":{"start":{"line":66,"column":4},"end":{"line":79,"column":5}},"40":{"start":{"line":67,"column":24},"end":{"line":67,"column":42}},"41":{"start":{"line":68,"column":26},"end":{"line":68,"column":37}},"42":{"start":{"line":69,"column":28},"end":{"line":69,"column":36}},"43":{"start":{"line":71,"column":8},"end":{"line":73,"column":9}},"44":{"start":{"line":72,"column":12},"end":{"line":72,"column":107}},"45":{"start":{"line":75,"column":8},"end":{"line":75,"column":72}},"46":{"start":{"line":76,"column":8},"end":{"line":76,"column":87}},"47":{"start":{"line":78,"column":8},"end":{"line":78,"column":20}}},"fnMap":{"0":{"name":"(anonymous_0)","decl":{"start":{"line":3,"column":17},"end":{"line":3,"column":18}},"loc":{"start":{"line":3,"column":43},"end":{"line":14,"column":1}},"line":3},"1":{"name":"(anonymous_1)","decl":{"start":{"line":16,"column":18},"end":{"line":16,"column":19}},"loc":{"start":{"line":16,"column":44},"end":{"line":26,"column":1}},"line":16},"2":{"name":"(anonymous_2)","decl":{"start":{"line":28,"column":19},"end":{"line":28,"column":20}},"loc":{"start":{"line":28,"column":45},"end":{"line":38,"column":1}},"line":28},"3":{"name":"(anonymous_3)","decl":{"start":{"line":40,"column":17},"end":{"line":40,"column":18}},"loc":{"start":{"line":40,"column":43},"end":{"line":51,"column":1}},"line":40},"4":{"name":"(anonymous_4)","decl":{"start":{"line":53,"column":17},"end":{"line":53,"column":18}},"loc":{"start":{"line":53,"column":43},"end":{"line":63,"column":1}},"line":53},"5":{"name":"(anonymous_5)","decl":{"start":{"line":65,"column":26},"end":{"line":65,"column":27}},"loc":{"start":{"line":65,"column":52},"end":{"line":80,"column":1}},"line":65}},"branchMap":{"0":{"loc":{"start":{"line":71,"column":8},"end":{"line":73,"column":9}},"type":"if","locations":[{"start":{"line":71,"column":8},"end":{"line":73,"column":9}},{"start":{},"end":{}}],"line":71},"1":{"loc":{"start":{"line":71,"column":12},"end":{"line":71,"column":59}},"type":"binary-expr","locations":[{"start":{"line":71,"column":12},"end":{"line":71,"column":35}},{"start":{"line":71,"column":39},"end":{"line":71,"column":59}}],"line":71}},"s":{"0":1,"1":1,"2":2,"3":2,"4":2,"5":2,"6":2,"7":1,"8":1,"9":1,"10":2,"11":2,"12":2,"13":2,"14":1,"15":1,"16":1,"17":3,"18":3,"19":3,"20":3,"21":1,"22":2,"23":1,"24":3,"25":3,"26":3,"27":3,"28":3,"29":1,"30":2,"31":1,"32":3,"33":3,"34":3,"35":3,"36":1,"37":2,"38":1,"39":3,"40":3,"41":3,"42":3,"43":3,"44":1,"45":2,"46":1,"47":1},"f":{"0":2,"1":2,"2":3,"3":3,"4":3,"5":3},"b":{"0":[1,2],"1":[3,3]},"_coverageSchema":"1a1c01bbd47fc00a2c39e90264f33305004495a9","hash":"a5c69ef582ad5de43f7dd69333ada3f28a052147"}
,"C:\\Users\\Luciana Valera\\Documentos\\semestre-actual\\curso-online\\curso-online-backend\\src\\modules\\video\\video.model.js": {"path":"C:\\Users\\Luciana Valera\\Documentos\\semestre-actual\\curso-online\\curso-online-backend\\src\\modules\\video\\video.model.js","statementMap":{"0":{"start":{"line":1,"column":0},"end":{"line":40,"column":2}},"1":{"start":{"line":2,"column":18},"end":{"line":26,"column":5}},"2":{"start":{"line":28,"column":4},"end":{"line":37,"column":6}},"3":{"start":{"line":29,"column":8},"end":{"line":32,"column":11}},"4":{"start":{"line":33,"column":8},"end":{"line":36,"column":11}},"5":{"start":{"line":39,"column":4},"end":{"line":39,"column":17}}},"fnMap":{"0":{"name":"(anonymous_0)","decl":{"start":{"line":1,"column":17},"end":{"line":1,"column":18}},"loc":{"start":{"line":1,"column":43},"end":{"line":40,"column":1}},"line":1},"1":{"name":"(anonymous_1)","decl":{"start":{"line":28,"column":22},"end":{"line":28,"column":23}},"loc":{"start":{"line":28,"column":32},"end":{"line":37,"column":5}},"line":28}},"branchMap":{},"s":{"0":7,"1":7,"2":7,"3":7,"4":7,"5":7},"f":{"0":7,"1":7},"b":{},"_coverageSchema":"1a1c01bbd47fc00a2c39e90264f33305004495a9","hash":"753db749230544695d0ee4d841bd30b57ce5349c"}
,"C:\\Users\\Luciana Valera\\Documentos\\semestre-actual\\curso-online\\curso-online-backend\\src\\modules\\video\\video.routes.js": {"path":"C:\\Users\\Luciana Valera\\Documentos\\semestre-actual\\curso-online\\curso-online-backend\\src\\modules\\video\\video.routes.js","statementMap":{"0":{"start":{"line":1,"column":0},"end":{"line":63,"column":2}},"1":{"start":{"line":2,"column":19},"end":{"line":2,"column":46}},"2":{"start":{"line":3,"column":24},"end":{"line":3,"column":66}},"3":{"start":{"line":4,"column":17},"end":{"line":4,"column":56}},"4":{"start":{"line":5,"column":24},"end":{"line":5,"column":57}},"5":{"start":{"line":6,"column":23},"end":{"line":6,"column":68}},"6":{"start":{"line":7,"column":28},"end":{"line":7,"column":68}},"7":{"start":{"line":8,"column":21},"end":{"line":8,"column":72}},"8":{"start":{"line":12,"column":4},"end":{"line":19,"column":6}},"9":{"start":{"line":22,"column":4},"end":{"line":27,"column":6}},"10":{"start":{"line":30,"column":4},"end":{"line":35,"column":6}},"11":{"start":{"line":38,"column":4},"end":{"line":45,"column":6}},"12":{"start":{"line":48,"column":4},"end":{"line":53,"column":6}},"13":{"start":{"line":55,"column":4},"end":{"line":60,"column":6}},"14":{"start":{"line":62,"column":4},"end":{"line":62,"column":28}}},"fnMap":{"0":{"name":"(anonymous_0)","decl":{"start":{"line":1,"column":17},"end":{"line":1,"column":18}},"loc":{"start":{"line":1,"column":24},"end":{"line":63,"column":1}},"line":1}},"branchMap":{},"s":{"0":1,"1":1,"2":1,"3":1,"4":1,"5":1,"6":1,"7":1,"8":1,"9":1,"10":1,"11":1,"12":1,"13":1,"14":1},"f":{"0":1},"b":{},"_coverageSchema":"1a1c01bbd47fc00a2c39e90264f33305004495a9","hash":"816f64eff728f847e1b28a393222eaa5a2f29b13"}
,"C:\\Users\\Luciana Valera\\Documentos\\semestre-actual\\curso-online\\curso-online-backend\\src\\utils\\errors.js": {"path":"C:\\Users\\Luciana Valera\\Documentos\\semestre-actual\\curso-online\\curso-online-backend\\src\\utils\\errors.js","statementMap":{"0":{"start":{"line":3,"column":8},"end":{"line":3,"column":23}},"1":{"start":{"line":4,"column":8},"end":{"line":4,"column":26}},"2":{"start":{"line":9,"column":8},"end":{"line":9,"column":23}},"3":{"start":{"line":10,"column":8},"end":{"line":10,"column":26}},"4":{"start":{"line":16,"column":8},"end":{"line":16,"column":23}},"5":{"start":{"line":17,"column":8},"end":{"line":17,"column":26}},"6":{"start":{"line":21,"column":0},"end":{"line":21,"column":68}}},"fnMap":{"0":{"name":"(anonymous_0)","decl":{"start":{"line":2,"column":4},"end":{"line":2,"column":5}},"loc":{"start":{"line":2,"column":25},"end":{"line":5,"column":5}},"line":2},"1":{"name":"(anonymous_1)","decl":{"start":{"line":8,"column":4},"end":{"line":8,"column":5}},"loc":{"start":{"line":8,"column":25},"end":{"line":11,"column":5}},"line":8},"2":{"name":"(anonymous_2)","decl":{"start":{"line":15,"column":4},"end":{"line":15,"column":5}},"loc":{"start":{"line":15,"column":25},"end":{"line":18,"column":5}},"line":15}},"branchMap":{},"s":{"0":3,"1":3,"2":2,"3":2,"4":0,"5":0,"6":14},"f":{"0":3,"1":2,"2":0},"b":{},"_coverageSchema":"1a1c01bbd47fc00a2c39e90264f33305004495a9","hash":"1f20917130dba1f78e1c8d968a956f697fc0b942"}
,"C:\\Users\\Luciana Valera\\Documentos\\semestre-actual\\curso-online\\curso-online-backend\\src\\validations\\categoria.validation.js": {"path":"C:\\Users\\Luciana Valera\\Documentos\\semestre-actual\\curso-online\\curso-online-backend\\src\\validations\\categoria.validation.js","statementMap":{"0":{"start":{"line":1,"column":24},"end":{"line":1,"column":52}},"1":{"start":{"line":3,"column":0},"end":{"line":5,"column":2}},"2":{"start":{"line":7,"column":0},"end":{"line":10,"column":2}}},"fnMap":{},"branchMap":{},"s":{"0":1,"1":1,"2":1},"f":{},"b":{},"_coverageSchema":"1a1c01bbd47fc00a2c39e90264f33305004495a9","hash":"873eb7f7553d3acf012b5ee9469a86295604eb5d"}
,"C:\\Users\\Luciana Valera\\Documentos\\semestre-actual\\curso-online\\curso-online-backend\\src\\validations\\comentario.validation.js": {"path":"C:\\Users\\Luciana Valera\\Documentos\\semestre-actual\\curso-online\\curso-online-backend\\src\\validations\\comentario.validation.js","statementMap":{"0":{"start":{"line":1,"column":24},"end":{"line":1,"column":52}},"1":{"start":{"line":3,"column":0},"end":{"line":6,"column":2}},"2":{"start":{"line":8,"column":0},"end":{"line":11,"column":2}}},"fnMap":{},"branchMap":{},"s":{"0":1,"1":1,"2":1},"f":{},"b":{},"_coverageSchema":"1a1c01bbd47fc00a2c39e90264f33305004495a9","hash":"29fd358d780e44fad4dfcf1e025fcb59b76e8b87"}
,"C:\\Users\\Luciana Valera\\Documentos\\semestre-actual\\curso-online\\curso-online-backend\\src\\validations\\curso.validation.js": {"path":"C:\\Users\\Luciana Valera\\Documentos\\semestre-actual\\curso-online\\curso-online-backend\\src\\validations\\curso.validation.js","statementMap":{"0":{"start":{"line":1,"column":24},"end":{"line":1,"column":52}},"1":{"start":{"line":3,"column":0},"end":{"line":8,"column":2}},"2":{"start":{"line":10,"column":0},"end":{"line":15,"column":2}}},"fnMap":{},"branchMap":{},"s":{"0":1,"1":1,"2":1},"f":{},"b":{},"_coverageSchema":"1a1c01bbd47fc00a2c39e90264f33305004495a9","hash":"b32bde0ff5847700f7a6a0c016da9d69858e2a9c"}
,"C:\\Users\\Luciana Valera\\Documentos\\semestre-actual\\curso-online\\curso-online-backend\\src\\validations\\inscripcion.validation.js": {"path":"C:\\Users\\Luciana Valera\\Documentos\\semestre-actual\\curso-online\\curso-online-backend\\src\\validations\\inscripcion.validation.js","statementMap":{"0":{"start":{"line":1,"column":24},"end":{"line":1,"column":52}},"1":{"start":{"line":3,"column":0},"end":{"line":5,"column":2}},"2":{"start":{"line":7,"column":0},"end":{"line":9,"column":2}}},"fnMap":{},"branchMap":{},"s":{"0":1,"1":1,"2":1},"f":{},"b":{},"_coverageSchema":"1a1c01bbd47fc00a2c39e90264f33305004495a9","hash":"66cf1a496eefa7e5ed1619fa869f795ab0db2023"}
,"C:\\Users\\Luciana Valera\\Documentos\\semestre-actual\\curso-online\\curso-online-backend\\src\\validations\\nota.validation.js": {"path":"C:\\Users\\Luciana Valera\\Documentos\\semestre-actual\\curso-online\\curso-online-backend\\src\\validations\\nota.validation.js","statementMap":{"0":{"start":{"line":1,"column":24},"end":{"line":1,"column":52}},"1":{"start":{"line":3,"column":0},"end":{"line":7,"column":2}},"2":{"start":{"line":9,"column":0},"end":{"line":13,"column":2}},"3":{"start":{"line":15,"column":0},"end":{"line":17,"column":2}}},"fnMap":{},"branchMap":{},"s":{"0":1,"1":1,"2":1,"3":1},"f":{},"b":{},"_coverageSchema":"1a1c01bbd47fc00a2c39e90264f33305004495a9","hash":"3ad343602a774bea443de43e5964fc3372de4965"}
,"C:\\Users\\Luciana Valera\\Documentos\\semestre-actual\\curso-online\\curso-online-backend\\src\\validations\\rol.validation.js": {"path":"C:\\Users\\Luciana Valera\\Documentos\\semestre-actual\\curso-online\\curso-online-backend\\src\\validations\\rol.validation.js","statementMap":{"0":{"start":{"line":1,"column":24},"end":{"line":1,"column":52}},"1":{"start":{"line":3,"column":0},"end":{"line":6,"column":2}},"2":{"start":{"line":8,"column":0},"end":{"line":12,"column":2}}},"fnMap":{},"branchMap":{},"s":{"0":1,"1":1,"2":1},"f":{},"b":{},"_coverageSchema":"1a1c01bbd47fc00a2c39e90264f33305004495a9","hash":"ef8f6e9d1b0adaaa1defda47b08dbc4d16a57333"}
,"C:\\Users\\Luciana Valera\\Documentos\\semestre-actual\\curso-online\\curso-online-backend\\src\\validations\\usuario.validation.js": {"path":"C:\\Users\\Luciana Valera\\Documentos\\semestre-actual\\curso-online\\curso-online-backend\\src\\validations\\usuario.validation.js","statementMap":{"0":{"start":{"line":1,"column":24},"end":{"line":1,"column":52}},"1":{"start":{"line":3,"column":0},"end":{"line":8,"column":2}},"2":{"start":{"line":10,"column":0},"end":{"line":15,"column":2}}},"fnMap":{},"branchMap":{},"s":{"0":2,"1":2,"2":2},"f":{},"b":{},"_coverageSchema":"1a1c01bbd47fc00a2c39e90264f33305004495a9","hash":"383e392f778ff1fbf811ac03d8ed693a52f038c9"}
,"C:\\Users\\Luciana Valera\\Documentos\\semestre-actual\\curso-online\\curso-online-backend\\src\\validations\\video.validation.js": {"path":"C:\\Users\\Luciana Valera\\Documentos\\semestre-actual\\curso-online\\curso-online-backend\\src\\validations\\video.validation.js","statementMap":{"0":{"start":{"line":1,"column":24},"end":{"line":1,"column":52}},"1":{"start":{"line":3,"column":0},"end":{"line":8,"column":2}},"2":{"start":{"line":10,"column":0},"end":{"line":15,"column":2}}},"fnMap":{},"branchMap":{},"s":{"0":1,"1":1,"2":1},"f":{},"b":{},"_coverageSchema":"1a1c01bbd47fc00a2c39e90264f33305004495a9","hash":"96d8552ff4172b2ed47d78401ab125ff7faa2875"}
}
