TN:
SF:src\config\config.js
FNF:0
FNH:0
DA:1,7
DA:3,7
LF:2
LH:2
BRDA:5,0,0,7
BRDA:5,0,1,0
BRDA:6,1,0,7
BRDA:6,1,1,0
BRDA:7,2,0,7
BRDA:7,2,1,0
BRDA:8,3,0,7
BRDA:8,3,1,0
BRDA:9,4,0,7
BRDA:9,4,1,0
BRDA:10,5,0,7
BRDA:10,5,1,0
BRDA:13,6,0,7
BRDA:13,6,1,0
BRDA:14,7,0,7
BRDA:14,7,1,0
BRDA:15,8,0,7
BRDA:15,8,1,0
BRDA:16,9,0,7
BRDA:16,9,1,0
BRDA:17,10,0,7
BRDA:17,10,1,0
BRDA:18,11,0,7
BRDA:18,11,1,0
BRF:24
BRH:12
end_of_record
TN:
SF:src\constants\permissions.js
FNF:0
FNH:0
DA:1,10
LF:1
LH:1
BRF:0
BRH:0
end_of_record
TN:
SF:src\constants\roles.js
FNF:0
FNH:0
DA:1,3
LF:1
LH:1
BRF:0
BRH:0
end_of_record
TN:
SF:src\database\index.js
FN:61,(anonymous_0)
FNF:1
FNH:1
FNDA:98,(anonymous_0)
DA:1,7
DA:2,7
DA:4,7
DA:5,7
DA:7,7
DA:20,7
DA:21,7
DA:22,7
DA:24,7
DA:25,7
DA:26,7
DA:27,7
DA:28,7
DA:29,7
DA:30,7
DA:31,7
DA:32,7
DA:33,7
DA:34,7
DA:35,7
DA:38,7
DA:43,7
DA:48,7
DA:54,7
DA:61,7
DA:62,98
DA:63,56
DA:67,7
LF:28
LH:28
BRDA:4,0,0,7
BRDA:4,0,1,0
BRDA:62,1,0,56
BRDA:62,1,1,42
BRF:4
BRH:3
end_of_record
TN:
SF:src\middlewares\error.middleware.js
FN:1,(anonymous_0)
FNF:1
FNH:1
FNDA:76,(anonymous_0)
DA:1,11
DA:2,76
DA:3,76
DA:4,76
LF:4
LH:4
BRDA:3,0,0,76
BRDA:3,0,1,40
BRDA:5,1,0,76
BRDA:5,1,1,0
BRF:4
BRH:3
end_of_record
TN:
SF:src\middlewares\permission.middleware.js
FN:3,(anonymous_0)
FN:3,(anonymous_1)
FNF:2
FNH:1
FNDA:4,(anonymous_0)
FNDA:0,(anonymous_1)
DA:1,1
DA:3,4
DA:4,0
DA:5,0
DA:8,0
DA:9,0
DA:12,0
LF:7
LH:2
BRDA:4,0,0,0
BRDA:4,0,1,0
BRDA:4,1,0,0
BRDA:4,1,1,0
BRDA:8,2,0,0
BRDA:8,2,1,0
BRF:6
BRH:0
end_of_record
TN:
SF:src\middlewares\upload.middleware.js
FN:5,(anonymous_0)
FN:13,(anonymous_1)
FN:16,(anonymous_2)
FNF:3
FNH:3
FNDA:1,(anonymous_0)
FNDA:3,(anonymous_1)
FNDA:3,(anonymous_2)
DA:1,1
DA:2,1
DA:3,1
DA:5,1
DA:6,1
DA:8,1
DA:9,0
DA:12,1
DA:14,3
DA:17,3
DA:18,3
DA:19,3
DA:23,1
DA:26,1
LF:14
LH:13
BRDA:8,0,0,0
BRDA:8,0,1,1
BRDA:18,1,0,3
BRDA:18,1,1,0
BRF:4
BRH:2
end_of_record
TN:
SF:src\middlewares\validationResult.middleware.js
FN:3,(anonymous_0)
FNF:1
FNH:1
FNDA:50,(anonymous_0)
DA:1,9
DA:3,9
DA:4,50
DA:5,50
DA:6,4
DA:8,46
LF:6
LH:6
BRDA:5,0,0,4
BRDA:5,0,1,46
BRF:2
BRH:2
end_of_record
TN:
SF:src\modules\auth\auth.controller.js
FN:4,(anonymous_0)
FN:25,(anonymous_1)
FN:41,(anonymous_2)
FNF:3
FNH:3
FNDA:5,(anonymous_0)
FNDA:4,(anonymous_1)
FNDA:7,(anonymous_2)
DA:1,4
DA:2,4
DA:4,4
DA:5,5
DA:7,5
DA:8,5
DA:9,2
DA:10,2
DA:17,2
DA:21,3
DA:25,4
DA:26,4
DA:27,4
DA:33,2
DA:37,2
DA:41,4
DA:42,7
DA:44,7
DA:45,7
DA:46,6
DA:47,1
DA:50,5
DA:58,2
DA:60,4
LF:24
LH:24
BRDA:46,0,0,1
BRDA:46,0,1,5
BRF:2
BRH:2
end_of_record
TN:
SF:src\modules\auth\auth.routes.js
FN:1,(anonymous_0)
FNF:1
FNH:1
FNDA:3,(anonymous_0)
DA:1,3
DA:2,3
DA:3,3
DA:6,3
DA:7,3
DA:8,3
DA:10,3
LF:7
LH:7
BRF:0
BRH:0
end_of_record
TN:
SF:src\modules\auth\auth.service.js
FN:6,(anonymous_0)
FN:33,(anonymous_1)
FN:53,(anonymous_2)
FNF:3
FNH:3
FNDA:3,(anonymous_0)
FNDA:1,(anonymous_1)
FNDA:3,(anonymous_2)
DA:1,4
DA:2,4
DA:3,4
DA:4,4
DA:6,4
DA:7,3
DA:25,2
DA:26,0
DA:29,2
DA:30,2
DA:31,1
DA:33,1
DA:36,1
DA:46,1
DA:48,1
DA:53,4
DA:54,3
DA:55,3
DA:56,1
DA:59,2
DA:61,1
DA:70,1
DA:71,1
DA:74,4
LF:24
LH:23
BRDA:25,0,0,0
BRDA:25,0,1,2
BRDA:30,1,0,1
BRDA:30,1,1,1
BRDA:33,2,0,1
BRDA:33,2,1,0
BRDA:55,3,0,1
BRDA:55,3,1,2
BRF:8
BRH:6
end_of_record
TN:
SF:src\modules\categoria\categoria.controller.js
FN:3,(anonymous_0)
FN:13,(anonymous_1)
FN:22,(anonymous_2)
FN:31,(anonymous_3)
FN:41,(anonymous_4)
FNF:5
FNH:5
FNDA:3,(anonymous_0)
FNDA:2,(anonymous_1)
FNDA:3,(anonymous_2)
FNDA:4,(anonymous_3)
FNDA:3,(anonymous_4)
DA:1,1
DA:3,1
DA:4,3
DA:5,3
DA:6,3
DA:7,1
DA:9,2
DA:13,1
DA:14,2
DA:15,2
DA:16,1
DA:18,1
DA:22,1
DA:23,3
DA:24,3
DA:25,1
DA:27,2
DA:31,1
DA:32,4
DA:33,4
DA:34,4
DA:35,1
DA:37,3
DA:41,1
DA:42,3
DA:43,3
DA:44,1
DA:46,2
LF:28
LH:28
BRF:0
BRH:0
end_of_record
TN:
SF:src\modules\categoria\categoria.model.js
FN:1,(anonymous_0)
FNF:1
FNH:1
FNDA:7,(anonymous_0)
DA:1,7
DA:2,7
DA:19,7
LF:3
LH:3
BRF:0
BRH:0
end_of_record
TN:
SF:src\modules\categoria\categoria.routes.js
FN:1,(anonymous_0)
FNF:1
FNH:1
FNDA:1,(anonymous_0)
DA:1,1
DA:2,1
DA:3,1
DA:4,1
DA:5,1
DA:6,1
DA:7,1
DA:8,1
DA:10,1
DA:19,1
DA:21,1
DA:23,1
DA:32,1
DA:39,1
LF:14
LH:14
BRF:0
BRH:0
end_of_record
TN:
SF:src\modules\certificado\certificado.controller.js
FN:3,(anonymous_0)
FNF:1
FNH:1
FNDA:7,(anonymous_0)
DA:1,1
DA:3,1
DA:4,7
DA:5,7
DA:6,7
DA:7,7
DA:9,1
DA:10,1
DA:11,1
DA:13,6
LF:10
LH:10
BRF:0
BRH:0
end_of_record
TN:
SF:src\modules\certificado\certificado.routes.js
FN:1,(anonymous_0)
FNF:1
FNH:1
FNDA:1,(anonymous_0)
DA:1,1
DA:2,1
DA:3,1
DA:4,1
DA:6,1
DA:12,1
LF:6
LH:6
BRF:0
BRH:0
end_of_record
TN:
SF:src\modules\comentario\comentario.controller.js
FN:3,(anonymous_0)
FN:16,(anonymous_1)
FN:25,(anonymous_2)
FN:38,(anonymous_3)
FNF:4
FNH:4
FNDA:2,(anonymous_0)
FNDA:2,(anonymous_1)
FNDA:3,(anonymous_2)
FNDA:3,(anonymous_3)
DA:1,1
DA:3,1
DA:4,2
DA:5,2
DA:10,1
DA:12,1
DA:16,1
DA:17,2
DA:18,2
DA:19,1
DA:21,1
DA:25,1
DA:26,3
DA:27,3
DA:32,1
DA:34,2
DA:38,1
DA:39,3
DA:40,3
DA:41,1
DA:43,2
LF:21
LH:21
BRF:0
BRH:0
end_of_record
TN:
SF:src\modules\comentario\comentario.model.js
FN:1,(anonymous_0)
FN:11,(anonymous_1)
FNF:2
FNH:2
FNDA:7,(anonymous_0)
FNDA:7,(anonymous_1)
DA:1,7
DA:2,7
DA:11,7
DA:12,7
DA:16,7
DA:22,7
LF:6
LH:6
BRF:0
BRH:0
end_of_record
TN:
SF:src\modules\comentario\comentario.routes.js
FN:1,(anonymous_0)
FNF:1
FNH:1
FNDA:1,(anonymous_0)
DA:1,1
DA:2,1
DA:3,1
DA:4,1
DA:5,1
DA:6,1
DA:7,1
DA:8,1
DA:10,1
DA:19,1
DA:26,1
DA:35,1
DA:42,1
LF:13
LH:13
BRF:0
BRH:0
end_of_record
TN:
SF:src\modules\curso\curso.controller.js
FN:4,(anonymous_0)
FN:26,(anonymous_1)
FN:55,(anonymous_2)
FN:65,(anonymous_3)
FN:77,(anonymous_4)
FN:88,(anonymous_5)
FNF:6
FNH:6
FNDA:8,(anonymous_0)
FNDA:9,(anonymous_1)
FNDA:6,(anonymous_2)
FNDA:7,(anonymous_3)
FNDA:7,(anonymous_4)
FNDA:7,(anonymous_5)
DA:1,2
DA:2,2
DA:4,2
DA:5,8
DA:6,8
DA:7,8
DA:9,8
DA:17,2
DA:19,6
DA:20,4
DA:22,2
DA:26,2
DA:27,9
DA:28,9
DA:31,9
DA:32,4
DA:33,4
DA:34,2
DA:38,7
DA:39,2
DA:40,2
DA:41,1
DA:45,6
DA:46,4
DA:48,2
DA:49,0
DA:51,2
DA:55,2
DA:56,6
DA:57,6
DA:58,2
DA:60,4
DA:61,2
DA:65,2
DA:66,7
DA:67,7
DA:68,7
DA:69,7
DA:70,2
DA:72,5
DA:73,2
DA:77,2
DA:78,7
DA:79,7
DA:80,7
DA:81,2
DA:83,5
DA:84,2
DA:88,2
DA:89,7
DA:90,7
DA:91,2
DA:94,5
DA:95,5
DA:96,5
DA:98,2
DA:100,5
DA:101,2
LF:58
LH:57
BRDA:19,0,0,4
BRDA:19,0,1,2
BRDA:31,1,0,4
BRDA:31,1,1,5
BRDA:33,2,0,2
BRDA:33,2,1,2
BRDA:38,3,0,2
BRDA:38,3,1,5
BRDA:40,4,0,1
BRDA:40,4,1,1
BRDA:48,5,0,0
BRDA:48,5,1,2
BRDA:60,6,0,2
BRDA:60,6,1,2
BRDA:72,7,0,3
BRDA:72,7,1,2
BRDA:83,8,0,3
BRDA:83,8,1,2
BRDA:90,9,0,2
BRDA:90,9,1,5
BRDA:100,10,0,3
BRDA:100,10,1,2
BRF:22
BRH:21
end_of_record
TN:
SF:src\modules\curso\curso.model.js
FN:1,(anonymous_0)
FN:31,(anonymous_1)
FNF:2
FNH:2
FNDA:7,(anonymous_0)
FNDA:7,(anonymous_1)
DA:1,7
DA:2,7
DA:31,7
DA:32,7
DA:37,7
DA:42,7
DA:49,7
LF:7
LH:7
BRF:0
BRH:0
end_of_record
TN:
SF:src\modules\curso\curso.routes.js
FN:1,(anonymous_0)
FNF:1
FNH:1
FNDA:1,(anonymous_0)
DA:1,1
DA:2,1
DA:3,1
DA:4,1
DA:5,1
DA:6,1
DA:7,1
DA:8,1
DA:9,1
DA:13,1
DA:23,1
DA:26,1
DA:29,1
DA:39,1
DA:47,1
DA:55,1
LF:16
LH:16
BRF:0
BRH:0
end_of_record
TN:
SF:src\modules\curso\curso.service.js
FN:7,(anonymous_0)
FN:43,(anonymous_1)
FN:77,(anonymous_2)
FN:95,(anonymous_3)
FN:133,(anonymous_4)
FN:155,(anonymous_5)
FNF:6
FNH:0
FNDA:0,(anonymous_0)
FNDA:0,(anonymous_1)
FNDA:0,(anonymous_2)
FNDA:0,(anonymous_3)
FNDA:0,(anonymous_4)
FNDA:0,(anonymous_5)
DA:1,1
DA:2,1
DA:3,1
DA:4,1
DA:5,1
DA:7,1
DA:8,0
DA:9,0
DA:10,0
DA:13,0
DA:14,0
DA:15,0
DA:19,0
DA:20,0
DA:21,0
DA:23,0
DA:25,0
DA:28,0
DA:29,0
DA:30,0
DA:33,0
DA:40,0
DA:43,1
DA:44,0
DA:47,0
DA:49,0
DA:50,0
DA:51,0
DA:53,0
DA:54,0
DA:56,0
DA:60,0
DA:61,0
DA:64,0
DA:77,1
DA:78,0
DA:89,0
DA:90,0
DA:92,0
DA:95,1
DA:96,0
DA:97,0
DA:98,0
DA:101,0
DA:102,0
DA:103,0
DA:106,0
DA:107,0
DA:109,0
DA:110,0
DA:113,0
DA:114,0
DA:115,0
DA:116,0
DA:117,0
DA:119,0
DA:120,0
DA:122,0
DA:123,0
DA:124,0
DA:125,0
DA:127,0
DA:129,0
DA:130,0
DA:133,1
DA:134,0
DA:135,0
DA:136,0
DA:139,0
DA:140,0
DA:141,0
DA:144,0
DA:145,0
DA:147,0
DA:148,0
DA:151,0
DA:152,0
DA:155,1
DA:156,0
DA:157,0
DA:158,0
DA:161,0
DA:162,0
DA:163,0
DA:166,0
DA:167,0
DA:168,0
DA:171,0
DA:172,0
DA:173,0
DA:176,1
LF:91
LH:12
BRDA:9,0,0,0
BRDA:9,0,1,0
BRDA:14,1,0,0
BRDA:14,1,1,0
BRDA:19,2,0,0
BRDA:19,2,1,0
BRDA:20,3,0,0
BRDA:20,3,1,0
BRDA:29,4,0,0
BRDA:29,4,1,0
BRDA:29,5,0,0
BRDA:29,5,1,0
BRDA:43,6,0,0
BRDA:47,7,0,0
BRDA:47,7,1,0
BRDA:50,8,0,0
BRDA:50,8,1,0
BRDA:53,9,0,0
BRDA:53,9,1,0
BRDA:60,10,0,0
BRDA:60,10,1,0
BRDA:89,11,0,0
BRDA:89,11,1,0
BRDA:97,12,0,0
BRDA:97,12,1,0
BRDA:102,13,0,0
BRDA:102,13,1,0
BRDA:109,14,0,0
BRDA:109,14,1,0
BRDA:109,15,0,0
BRDA:109,15,1,0
BRDA:114,16,0,0
BRDA:114,16,1,0
BRDA:116,17,0,0
BRDA:116,17,1,0
BRDA:119,18,0,0
BRDA:119,18,1,0
BRDA:120,19,0,0
BRDA:120,19,1,0
BRDA:122,20,0,0
BRDA:122,20,1,0
BRDA:122,21,0,0
BRDA:122,21,1,0
BRDA:124,22,0,0
BRDA:124,22,1,0
BRDA:124,23,0,0
BRDA:124,23,1,0
BRDA:135,24,0,0
BRDA:135,24,1,0
BRDA:140,25,0,0
BRDA:140,25,1,0
BRDA:147,26,0,0
BRDA:147,26,1,0
BRDA:147,27,0,0
BRDA:147,27,1,0
BRDA:157,28,0,0
BRDA:157,28,1,0
BRDA:162,29,0,0
BRDA:162,29,1,0
BRDA:167,30,0,0
BRDA:167,30,1,0
BRDA:167,31,0,0
BRDA:167,31,1,0
BRF:63
BRH:0
end_of_record
TN:
SF:src\modules\inscripcion\inscripcion.controller.js
FN:3,(anonymous_0)
FN:14,(anonymous_1)
FN:24,(anonymous_2)
FN:35,(anonymous_3)
FN:45,(anonymous_4)
FNF:5
FNH:5
FNDA:8,(anonymous_0)
FNDA:5,(anonymous_1)
FNDA:6,(anonymous_2)
FNDA:5,(anonymous_3)
FNDA:4,(anonymous_4)
DA:1,2
DA:3,2
DA:4,8
DA:5,8
DA:6,8
DA:7,8
DA:8,2
DA:10,6
DA:14,2
DA:15,5
DA:16,5
DA:17,5
DA:18,2
DA:20,3
DA:24,2
DA:25,6
DA:26,6
DA:27,6
DA:28,6
DA:29,2
DA:31,4
DA:35,2
DA:36,5
DA:37,5
DA:38,5
DA:39,2
DA:41,3
DA:45,2
DA:46,4
DA:47,4
DA:48,4
DA:49,2
DA:51,2
LF:33
LH:33
BRF:0
BRH:0
end_of_record
TN:
SF:src\modules\inscripcion\inscripcion.model.js
FN:1,(anonymous_0)
FN:25,(anonymous_1)
FNF:2
FNH:2
FNDA:7,(anonymous_0)
FNDA:7,(anonymous_1)
DA:1,7
DA:2,7
DA:25,7
DA:26,7
DA:30,7
DA:34,7
DA:41,7
LF:7
LH:7
BRF:0
BRH:0
end_of_record
TN:
SF:src\modules\inscripcion\inscripcion.routes.js
FN:1,(anonymous_0)
FNF:1
FNH:1
FNDA:1,(anonymous_0)
DA:1,1
DA:2,1
DA:3,1
DA:4,1
DA:5,1
DA:6,1
DA:7,1
DA:8,1
DA:10,1
DA:20,1
DA:28,1
DA:35,1
DA:42,1
DA:49,1
LF:14
LH:14
BRF:0
BRH:0
end_of_record
TN:
SF:src\modules\inscripcion\inscripcion.service.js
FN:8,(anonymous_0)
FN:41,(anonymous_1)
FN:62,(anonymous_2)
FN:79,(anonymous_3)
FN:98,(anonymous_4)
FNF:5
FNH:0
FNDA:0,(anonymous_0)
FNDA:0,(anonymous_1)
FNDA:0,(anonymous_2)
FNDA:0,(anonymous_3)
FNDA:0,(anonymous_4)
DA:1,1
DA:2,1
DA:3,1
DA:4,1
DA:5,1
DA:6,1
DA:8,1
DA:9,0
DA:10,0
DA:12,0
DA:13,0
DA:15,0
DA:16,0
DA:19,0
DA:20,0
DA:22,0
DA:25,0
DA:41,1
DA:42,0
DA:43,0
DA:45,0
DA:62,1
DA:63,0
DA:79,1
DA:80,0
DA:94,0
DA:95,0
DA:98,1
DA:99,0
DA:100,0
DA:102,0
DA:103,0
DA:105,0
DA:106,0
DA:109,0
DA:110,0
DA:113,0
DA:114,0
DA:117,1
LF:39
LH:12
BRDA:10,0,0,0
BRDA:10,0,1,0
BRDA:13,1,0,0
BRDA:13,1,1,0
BRDA:15,2,0,0
BRDA:15,2,1,0
BRDA:20,3,0,0
BRDA:20,3,1,0
BRDA:43,4,0,0
BRDA:43,4,1,0
BRDA:94,5,0,0
BRDA:94,5,1,0
BRDA:100,6,0,0
BRDA:100,6,1,0
BRDA:103,7,0,0
BRDA:103,7,1,0
BRDA:109,8,0,0
BRDA:109,8,1,0
BRDA:109,9,0,0
BRDA:109,9,1,0
BRF:20
BRH:0
end_of_record
TN:
SF:src\modules\nota\nota.controller.js
FN:3,(anonymous_0)
FN:16,(anonymous_1)
FN:28,(anonymous_2)
FN:38,(anonymous_3)
FN:49,(anonymous_4)
FNF:5
FNH:5
FNDA:5,(anonymous_0)
FNDA:2,(anonymous_1)
FNDA:2,(anonymous_2)
FNDA:2,(anonymous_3)
FNDA:2,(anonymous_4)
DA:1,2
DA:3,2
DA:4,5
DA:5,5
DA:6,5
DA:7,5
DA:9,5
DA:10,2
DA:12,3
DA:16,2
DA:17,2
DA:18,2
DA:19,2
DA:21,2
DA:22,1
DA:24,1
DA:28,2
DA:29,2
DA:30,2
DA:31,2
DA:32,1
DA:34,1
DA:38,2
DA:39,2
DA:40,2
DA:41,2
DA:42,2
DA:43,1
DA:45,1
DA:49,2
DA:50,2
DA:51,2
DA:52,2
DA:53,2
DA:54,1
DA:56,1
LF:36
LH:36
BRF:0
BRH:0
end_of_record
TN:
SF:src\modules\nota\nota.model.js
FN:1,(anonymous_0)
FN:24,(anonymous_1)
FNF:2
FNH:2
FNDA:7,(anonymous_0)
FNDA:7,(anonymous_1)
DA:1,7
DA:2,7
DA:24,7
DA:25,7
DA:29,7
DA:35,7
LF:6
LH:6
BRF:0
BRH:0
end_of_record
TN:
SF:src\modules\nota\nota.routes.js
FN:1,(anonymous_0)
FNF:1
FNH:1
FNDA:1,(anonymous_0)
DA:1,1
DA:2,1
DA:3,1
DA:4,1
DA:5,1
DA:6,1
DA:7,1
DA:8,1
DA:11,1
DA:21,1
DA:29,1
DA:36,1
DA:45,1
DA:54,1
LF:14
LH:14
BRF:0
BRH:0
end_of_record
TN:
SF:src\modules\nota\nota.service.js
FN:10,(anonymous_0)
FN:31,(anonymous_1)
FN:60,(anonymous_2)
FN:62,(anonymous_3)
FN:89,(anonymous_4)
FN:110,(anonymous_5)
FNF:6
FNH:0
FNDA:0,(anonymous_0)
FNDA:0,(anonymous_1)
FNDA:0,(anonymous_2)
FNDA:0,(anonymous_3)
FNDA:0,(anonymous_4)
FNDA:0,(anonymous_5)
DA:1,1
DA:2,1
DA:3,1
DA:4,1
DA:5,1
DA:6,1
DA:7,1
DA:8,1
DA:10,1
DA:11,0
DA:12,0
DA:14,0
DA:15,0
DA:16,0
DA:18,0
DA:19,0
DA:20,0
DA:21,0
DA:25,0
DA:26,0
DA:28,0
DA:31,1
DA:32,0
DA:33,0
DA:35,0
DA:36,0
DA:37,0
DA:39,0
DA:40,0
DA:41,0
DA:43,0
DA:44,0
DA:47,0
DA:60,1
DA:61,0
DA:62,0
DA:64,0
DA:89,1
DA:90,0
DA:91,0
DA:93,0
DA:94,0
DA:95,0
DA:96,0
DA:98,0
DA:99,0
DA:100,0
DA:101,0
DA:104,0
DA:105,0
DA:106,0
DA:107,0
DA:110,1
DA:111,0
DA:112,0
DA:114,0
DA:115,0
DA:116,0
DA:117,0
DA:119,0
DA:120,0
DA:121,0
DA:122,0
DA:125,0
DA:126,0
DA:129,1
LF:66
LH:14
BRDA:12,0,0,0
BRDA:12,0,1,0
BRDA:16,1,0,0
BRDA:16,1,1,0
BRDA:20,2,0,0
BRDA:20,2,1,0
BRDA:20,3,0,0
BRDA:20,3,1,0
BRDA:26,4,0,0
BRDA:26,4,1,0
BRDA:33,5,0,0
BRDA:33,5,1,0
BRDA:37,6,0,0
BRDA:37,6,1,0
BRDA:43,7,0,0
BRDA:43,7,1,0
BRDA:43,8,0,0
BRDA:43,8,1,0
BRDA:43,8,2,0
BRDA:91,9,0,0
BRDA:91,9,1,0
BRDA:96,10,0,0
BRDA:96,10,1,0
BRDA:100,11,0,0
BRDA:100,11,1,0
BRDA:100,12,0,0
BRDA:100,12,1,0
BRDA:104,13,0,0
BRDA:104,13,1,0
BRDA:105,14,0,0
BRDA:105,14,1,0
BRDA:112,15,0,0
BRDA:112,15,1,0
BRDA:117,16,0,0
BRDA:117,16,1,0
BRDA:121,17,0,0
BRDA:121,17,1,0
BRDA:121,18,0,0
BRDA:121,18,1,0
BRF:39
BRH:0
end_of_record
TN:
SF:src\modules\permiso\permiso.model.js
FN:1,(anonymous_0)
FNF:1
FNH:1
FNDA:7,(anonymous_0)
DA:1,7
DA:2,7
DA:21,7
LF:3
LH:3
BRF:0
BRH:0
end_of_record
TN:
SF:src\modules\progreso\progreso.controller.js
FN:3,(anonymous_0)
FN:10,(anonymous_1)
FNF:2
FNH:2
FNDA:3,(anonymous_0)
FNDA:2,(anonymous_1)
DA:1,1
DA:3,1
DA:4,3
DA:5,3
DA:6,3
DA:7,1
DA:10,1
DA:11,2
DA:12,2
DA:13,2
DA:14,1
LF:11
LH:11
BRF:0
BRH:0
end_of_record
TN:
SF:src\modules\progreso\progreso.model.js
FN:1,(anonymous_0)
FN:16,(anonymous_1)
FNF:2
FNH:2
FNDA:7,(anonymous_0)
FNDA:7,(anonymous_1)
DA:1,7
DA:2,7
DA:16,7
DA:17,7
DA:18,7
DA:21,7
LF:6
LH:6
BRF:0
BRH:0
end_of_record
TN:
SF:src\modules\progreso\progreso.routes.js
FN:1,(anonymous_0)
FNF:1
FNH:1
FNDA:1,(anonymous_0)
DA:1,1
DA:2,1
DA:3,1
DA:4,1
DA:5,1
DA:6,1
DA:9,1
DA:15,1
DA:22,1
LF:9
LH:9
BRF:0
BRH:0
end_of_record
TN:
SF:src\modules\rol\rol.controller.js
FN:3,(anonymous_0)
FN:13,(anonymous_1)
FN:22,(anonymous_2)
FN:31,(anonymous_3)
FN:41,(anonymous_4)
FNF:5
FNH:5
FNDA:4,(anonymous_0)
FNDA:2,(anonymous_1)
FNDA:3,(anonymous_2)
FNDA:4,(anonymous_3)
FNDA:3,(anonymous_4)
DA:1,1
DA:3,1
DA:4,4
DA:5,4
DA:6,4
DA:7,1
DA:9,3
DA:13,1
DA:14,2
DA:15,2
DA:16,1
DA:18,1
DA:22,1
DA:23,3
DA:24,3
DA:25,1
DA:27,2
DA:31,1
DA:32,4
DA:33,4
DA:34,4
DA:35,1
DA:37,3
DA:41,1
DA:42,3
DA:43,3
DA:44,1
DA:46,2
LF:28
LH:28
BRF:0
BRH:0
end_of_record
TN:
SF:src\modules\rol\rol.model.js
FN:1,(anonymous_0)
FNF:1
FNH:1
FNDA:7,(anonymous_0)
DA:1,7
DA:2,7
DA:22,7
LF:3
LH:3
BRF:0
BRH:0
end_of_record
TN:
SF:src\modules\rol\rol.routes.js
FN:1,(anonymous_0)
FNF:1
FNH:1
FNDA:1,(anonymous_0)
DA:1,1
DA:2,1
DA:3,1
DA:4,1
DA:5,1
DA:6,1
DA:7,1
DA:8,1
DA:11,1
DA:21,1
DA:29,1
DA:37,1
DA:47,1
DA:54,1
LF:14
LH:14
BRF:0
BRH:0
end_of_record
TN:
SF:src\modules\rol\rol.service.js
FN:5,(anonymous_0)
FN:18,(anonymous_1)
FN:22,(anonymous_2)
FN:30,(anonymous_3)
FN:45,(anonymous_4)
FNF:5
FNH:1
FNDA:0,(anonymous_0)
FNDA:0,(anonymous_1)
FNDA:4,(anonymous_2)
FNDA:0,(anonymous_3)
FNDA:0,(anonymous_4)
DA:1,4
DA:2,4
DA:3,4
DA:5,4
DA:6,0
DA:7,0
DA:10,0
DA:11,0
DA:12,0
DA:15,0
DA:18,4
DA:19,0
DA:22,4
DA:23,4
DA:24,4
DA:25,1
DA:27,3
DA:30,4
DA:31,0
DA:32,0
DA:35,0
DA:36,0
DA:37,0
DA:40,0
DA:41,0
DA:42,0
DA:45,4
DA:46,0
DA:47,0
DA:48,0
DA:51,0
DA:54,4
LF:32
LH:13
BRDA:6,0,0,0
BRDA:6,0,1,0
BRDA:6,1,0,0
BRDA:6,1,1,0
BRDA:11,2,0,0
BRDA:11,2,1,0
BRDA:24,3,0,1
BRDA:24,3,1,3
BRDA:31,4,0,0
BRDA:31,4,1,0
BRDA:36,5,0,0
BRDA:36,5,1,0
BRDA:47,6,0,0
BRDA:47,6,1,0
BRF:14
BRH:2
end_of_record
TN:
SF:src\modules\rol-permisos\rol-permisos.model.js
FN:1,(anonymous_0)
FNF:1
FNH:1
FNDA:7,(anonymous_0)
DA:1,7
DA:2,7
DA:20,7
LF:3
LH:3
BRF:0
BRH:0
end_of_record
TN:
SF:src\modules\tipo-nota\tipo-nota.model.js
FN:1,(anonymous_0)
FN:20,(anonymous_1)
FNF:2
FNH:2
FNDA:7,(anonymous_0)
FNDA:7,(anonymous_1)
DA:1,7
DA:2,7
DA:20,7
DA:21,7
DA:25,7
DA:31,7
LF:6
LH:6
BRF:0
BRH:0
end_of_record
TN:
SF:src\modules\usuario\usuario.controller.js
FN:4,(anonymous_0)
FN:14,(anonymous_1)
FN:23,(anonymous_2)
FN:33,(anonymous_3)
FN:43,(anonymous_4)
FNF:5
FNH:5
FNDA:5,(anonymous_0)
FNDA:5,(anonymous_1)
FNDA:5,(anonymous_2)
FNDA:5,(anonymous_3)
FNDA:7,(anonymous_4)
DA:1,3
DA:2,3
DA:4,3
DA:5,5
DA:6,5
DA:7,5
DA:8,3
DA:10,2
DA:14,3
DA:15,5
DA:16,5
DA:17,2
DA:19,3
DA:23,3
DA:24,5
DA:25,5
DA:26,5
DA:27,2
DA:29,3
DA:33,3
DA:34,5
DA:35,5
DA:36,5
DA:37,2
DA:39,3
DA:43,3
DA:44,7
DA:45,7
DA:46,3
DA:48,4
LF:30
LH:30
BRF:0
BRH:0
end_of_record
TN:
SF:src\modules\usuario\usuario.model.js
FN:1,(anonymous_0)
FN:29,(anonymous_1)
FNF:2
FNH:2
FNDA:7,(anonymous_0)
FNDA:7,(anonymous_1)
DA:1,7
DA:2,7
DA:29,7
DA:30,7
DA:36,7
LF:5
LH:5
BRF:0
BRH:0
end_of_record
TN:
SF:src\modules\usuario\usuario.routes.js
FN:1,(anonymous_0)
FNF:1
FNH:1
FNDA:2,(anonymous_0)
DA:1,2
DA:2,2
DA:3,2
DA:4,2
DA:5,2
DA:6,2
DA:7,2
DA:8,2
DA:11,2
DA:18,2
DA:24,2
DA:31,2
DA:40,2
DA:47,2
LF:14
LH:14
BRF:0
BRH:0
end_of_record
TN:
SF:src\modules\usuario\usuario.service.js
FN:5,(anonymous_0)
FN:21,(anonymous_1)
FN:34,(anonymous_2)
FN:45,(anonymous_3)
FNF:4
FNH:1
FNDA:0,(anonymous_0)
FNDA:2,(anonymous_1)
FNDA:0,(anonymous_2)
FNDA:0,(anonymous_3)
DA:1,2
DA:2,2
DA:3,2
DA:5,2
DA:6,0
DA:7,0
DA:12,0
DA:13,0
DA:15,0
DA:21,2
DA:22,2
DA:30,2
DA:31,1
DA:34,2
DA:35,0
DA:36,0
DA:37,0
DA:38,0
DA:39,0
DA:40,0
DA:41,0
DA:42,0
DA:45,2
DA:46,0
DA:47,0
DA:48,0
DA:49,0
DA:52,2
LF:28
LH:11
BRDA:12,0,0,0
BRDA:12,0,1,0
BRDA:30,1,0,1
BRDA:30,1,1,1
BRDA:36,2,0,0
BRDA:36,2,1,0
BRDA:38,3,0,0
BRDA:38,3,1,0
BRDA:39,4,0,0
BRDA:39,4,1,0
BRDA:40,5,0,0
BRDA:40,5,1,0
BRDA:47,6,0,0
BRDA:47,6,1,0
BRF:14
BRH:2
end_of_record
TN:
SF:src\modules\video\video.controller.js
FN:3,(anonymous_0)
FN:16,(anonymous_1)
FN:28,(anonymous_2)
FN:40,(anonymous_3)
FN:53,(anonymous_4)
FN:65,(anonymous_5)
FNF:6
FNH:6
FNDA:2,(anonymous_0)
FNDA:2,(anonymous_1)
FNDA:3,(anonymous_2)
FNDA:3,(anonymous_3)
FNDA:3,(anonymous_4)
FNDA:3,(anonymous_5)
DA:1,1
DA:3,1
DA:4,2
DA:5,2
DA:6,2
DA:7,2
DA:9,2
DA:10,1
DA:12,1
DA:16,1
DA:17,2
DA:18,2
DA:19,2
DA:21,2
DA:22,1
DA:24,1
DA:28,1
DA:29,3
DA:30,3
DA:31,3
DA:33,3
DA:34,1
DA:36,2
DA:40,1
DA:41,3
DA:42,3
DA:43,3
DA:44,3
DA:46,3
DA:47,1
DA:49,2
DA:53,1
DA:54,3
DA:55,3
DA:56,3
DA:58,3
DA:59,1
DA:61,2
DA:65,1
DA:66,3
DA:67,3
DA:68,3
DA:69,3
DA:71,3
DA:72,1
DA:75,2
DA:76,1
DA:78,1
LF:48
LH:48
BRDA:71,0,0,1
BRDA:71,0,1,2
BRDA:71,1,0,3
BRDA:71,1,1,3
BRF:4
BRH:4
end_of_record
TN:
SF:src\modules\video\video.model.js
FN:1,(anonymous_0)
FN:28,(anonymous_1)
FNF:2
FNH:2
FNDA:7,(anonymous_0)
FNDA:7,(anonymous_1)
DA:1,7
DA:2,7
DA:28,7
DA:29,7
DA:33,7
DA:39,7
LF:6
LH:6
BRF:0
BRH:0
end_of_record
TN:
SF:src\modules\video\video.routes.js
FN:1,(anonymous_0)
FNF:1
FNH:1
FNDA:1,(anonymous_0)
DA:1,1
DA:2,1
DA:3,1
DA:4,1
DA:5,1
DA:6,1
DA:7,1
DA:8,1
DA:12,1
DA:22,1
DA:30,1
DA:38,1
DA:48,1
DA:55,1
DA:62,1
LF:15
LH:15
BRF:0
BRH:0
end_of_record
TN:
SF:src\utils\errors.js
FN:2,(anonymous_0)
FN:8,(anonymous_1)
FN:15,(anonymous_2)
FNF:3
FNH:2
FNDA:3,(anonymous_0)
FNDA:2,(anonymous_1)
FNDA:0,(anonymous_2)
DA:3,3
DA:4,3
DA:9,2
DA:10,2
DA:16,0
DA:17,0
DA:21,14
LF:7
LH:5
BRF:0
BRH:0
end_of_record
TN:
SF:src\validations\categoria.validation.js
FNF:0
FNH:0
DA:1,1
DA:3,1
DA:7,1
LF:3
LH:3
BRF:0
BRH:0
end_of_record
TN:
SF:src\validations\comentario.validation.js
FNF:0
FNH:0
DA:1,1
DA:3,1
DA:8,1
LF:3
LH:3
BRF:0
BRH:0
end_of_record
TN:
SF:src\validations\curso.validation.js
FNF:0
FNH:0
DA:1,1
DA:3,1
DA:10,1
LF:3
LH:3
BRF:0
BRH:0
end_of_record
TN:
SF:src\validations\inscripcion.validation.js
FNF:0
FNH:0
DA:1,1
DA:3,1
DA:7,1
LF:3
LH:3
BRF:0
BRH:0
end_of_record
TN:
SF:src\validations\nota.validation.js
FNF:0
FNH:0
DA:1,1
DA:3,1
DA:9,1
DA:15,1
LF:4
LH:4
BRF:0
BRH:0
end_of_record
TN:
SF:src\validations\rol.validation.js
FNF:0
FNH:0
DA:1,1
DA:3,1
DA:8,1
LF:3
LH:3
BRF:0
BRH:0
end_of_record
TN:
SF:src\validations\usuario.validation.js
FNF:0
FNH:0
DA:1,2
DA:3,2
DA:10,2
LF:3
LH:3
BRF:0
BRH:0
end_of_record
TN:
SF:src\validations\video.validation.js
FNF:0
FNH:0
DA:1,1
DA:3,1
DA:10,1
LF:3
LH:3
BRF:0
BRH:0
end_of_record
